<?xml version="1.0" encoding="utf-8"?><testsuite errors="0" failures="3" name="pytest" skips="0" tests="25" time="4.732"><testcase classname="appTestCases.CoreTest" file="appTestCases.py" line="175" name="test_SET_182" time="0.0540001392365"><system-out>
##
## Running test case: SET-182, with params: ..\params\SET-182.txt
##
Execute test case SET-182
Execute test case phase: prerequisites
Phase prerequisites executed, status is Undefined
Execute test case phase: setup
Phase setup executed, status is Undefined
Execute test case phase: execution
execute function functions.compareValues(vars.i, 2)
function &apos;functions.compareValues(vars.i, 2)&apos; executed, status is Passed 
execute function functions.compareValues(vars.f, 2.2)
function &apos;functions.compareValues(vars.f, 2.2)&apos; executed, status is Passed 
execute function functions.compareValues(vars.b, True)
function &apos;functions.compareValues(vars.b, True)&apos; executed, status is Passed 
execute function functions.compareValues(vars.string1, &apos;string&apos;)
function &apos;functions.compareValues(vars.string1, &apos;string&apos;)&apos; executed, status is Passed 
execute function functions.compareValues(vars.string2, &quot;string&quot;)
function &apos;functions.compareValues(vars.string2, &quot;string&quot;)&apos; executed, status is Passed 
execute function functions.compareValues(vars.d, 2005/12/14)
function &apos;functions.compareValues(vars.d, 2005/12/14)&apos; executed, status is Passed 
execute function functions.compareValues(vars.t, &apos;22:22:22&apos;)
function &apos;functions.compareValues(vars.t, &apos;22:22:22&apos;)&apos; executed, status is Passed 
execute function functions.compareValues(vars.n, None)
function &apos;functions.compareValues(vars.n, None)&apos; executed, status is Passed 
execute function functions.compareValues(vars.list, [123, 3.14, &apos;ala&apos;])
function &apos;functions.compareValues(vars.list, [123, 3.14, &apos;ala&apos;])&apos; executed, status is Passed 
execute function functions.compareValues(vars.tuple, (123, 3.14, &quot;ma&quot;))
function &apos;functions.compareValues(vars.tuple, (123, 3.14, &quot;ma&quot;))&apos; executed, status is Passed 
execute function functions.compareValues(vars.dict, {&apos;k1&apos;: 123, &quot;k2&quot;: 3.14, &apos;k3&apos;: &quot;kota&quot;})
function &apos;functions.compareValues(vars.dict, {&apos;k1&apos;: 123, &quot;k2&quot;: 3.14, &apos;k3&apos;: &quot;kota&quot;})&apos; executed, status is Passed 
Phase execution executed, status is Passed
Execute test case phase: postconditions
Phase postconditions executed, status is Undefined
Test case SET-182 ended. Status: Passed 
##
## Test case SET-182 execution PASSED
##
</system-out></testcase><testcase classname="appTestCases.CoreTest" file="appTestCases.py" line="175" name="test_SET_183" time="0.0110001564026"><system-out>
##
## Running test case: SET-183, with params: None
##
Execute test case SET-183
Execute test case phase: prerequisites
Phase prerequisites executed, status is Undefined
Execute test case phase: setup
Phase setup executed, status is Undefined
Execute test case phase: execution
Phase execution executed, status is Undefined
Execute test case phase: postconditions
Phase postconditions executed, status is Undefined
Test case SET-183 ended. Status: Passed 
##
## Test case SET-183 execution PASSED
##
</system-out></testcase><testcase classname="appTestCases.CoreTest" file="appTestCases.py" line="175" name="test_SET_185" time="0.0090000629425"><system-out>
##
## Running test case: SET-185, with params: ..\params\SET-185.txt
##
Execute test case SET-185
Execute test case phase: prerequisites
Phase prerequisites executed, status is Undefined
Execute test case phase: setup
Phase setup executed, status is Undefined
Execute test case phase: execution
Phase execution executed, status is Undefined
Execute test case phase: postconditions
Phase postconditions executed, status is Undefined
Test case SET-185 ended. Status: Passed 
##
## Test case SET-185 execution PASSED
##
</system-out></testcase><testcase classname="appTestCases.CoreTest" file="appTestCases.py" line="175" name="test_SET_189" time="0.00800013542175"><system-out>
##
## Running test case: SET-189, with params: None
##
Execute test case SET-189
Execute test case phase: prerequisites
Phase prerequisites executed, status is Undefined
Execute test case phase: setup
Phase setup executed, status is Undefined
Execute test case phase: execution
execute function functions.returnVal(1)
function &apos;functions.returnVal(1)&apos; executed, status is Passed 
execute function functions.varCheck(&quot;vars.a&quot;, vars.a, 1)
function &apos;functions.varCheck(&quot;vars.a&quot;, vars.a, 1)&apos; executed, status is Passed 
Phase execution executed, status is Passed
Execute test case phase: postconditions
Phase postconditions executed, status is Undefined
Test case SET-189 ended. Status: Passed 
##
## Test case SET-189 execution PASSED
##
</system-out></testcase><testcase classname="appTestCases.CoreTest" file="appTestCases.py" line="175" name="test_SET_192" time="0.010999917984"><system-out>
##
## Running test case: SET-192, with params: None
##
Execute test case SET-192
Execute test case phase: prerequisites
Phase prerequisites executed, status is Undefined
Execute test case phase: setup
Phase setup executed, status is Undefined
Execute test case phase: execution
execute function functions.compareValues(vars.arInt[0], 2)
function &apos;functions.compareValues(vars.arInt[0], 2)&apos; executed, status is Passed 
execute function functions.compareValues(vars.arInt[1], 3)
function &apos;functions.compareValues(vars.arInt[1], 3)&apos; executed, status is Passed 
execute function functions.compareValues(vars.arInt[2], 4)
function &apos;functions.compareValues(vars.arInt[2], 4)&apos; executed, status is Passed 
execute function functions.compareValues(vars.arFloat[0], 2.2)
function &apos;functions.compareValues(vars.arFloat[0], 2.2)&apos; executed, status is Passed 
execute function functions.compareValues(vars.arFloat[1], 4.4)
function &apos;functions.compareValues(vars.arFloat[1], 4.4)&apos; executed, status is Passed 
execute function functions.compareValues(vars.arFloat[2], 5.5)
function &apos;functions.compareValues(vars.arFloat[2], 5.5)&apos; executed, status is Passed 
execute function functions.compareValues(vars.arString[0], &apos;ala&apos;)
function &apos;functions.compareValues(vars.arString[0], &apos;ala&apos;)&apos; executed, status is Passed 
execute function functions.compareValues(vars.arString[1], &apos;ma&apos;)
function &apos;functions.compareValues(vars.arString[1], &apos;ma&apos;)&apos; executed, status is Passed 
execute function functions.compareValues(vars.arString[2], &apos;kota&apos;)
function &apos;functions.compareValues(vars.arString[2], &apos;kota&apos;)&apos; executed, status is Passed 
Phase execution executed, status is Passed
Execute test case phase: postconditions
Phase postconditions executed, status is Undefined
Test case SET-192 ended. Status: Passed 
##
## Test case SET-192 execution PASSED
##
</system-out></testcase><testcase classname="appTestCases.CoreTest" file="appTestCases.py" line="175" name="test_SET_194" time="0.0140001773834"><system-out>
##
## Running test case: SET-194, with params: ..\params\SET-194.txt
##
Execute test case SET-194
Execute test case phase: prerequisites
Phase prerequisites executed, status is Undefined
Execute test case phase: setup
Phase setup executed, status is Undefined
Execute test case phase: execution
execute function functions.compareValues(LOOPINDEX, vars.a)
function &apos;functions.compareValues(LOOPINDEX, vars.a)&apos; executed, status is Passed 
execute function functions.addValues(vars.a, 1)
function &apos;functions.addValues(vars.a, 1)&apos; executed, status is Passed 
execute function functions.compareValues(LOOPINDEX, vars.a)
function &apos;functions.compareValues(LOOPINDEX, vars.a)&apos; executed, status is Passed 
execute function functions.addValues(vars.a, 1)
function &apos;functions.addValues(vars.a, 1)&apos; executed, status is Passed 
execute function functions.compareValues(LOOPINDEX, vars.a)
function &apos;functions.compareValues(LOOPINDEX, vars.a)&apos; executed, status is Passed 
execute function functions.addValues(vars.a, 1)
function &apos;functions.addValues(vars.a, 1)&apos; executed, status is Passed 
execute function functions.compareValues(LOOPINDEX, vars.a)
function &apos;functions.compareValues(LOOPINDEX, vars.a)&apos; executed, status is Passed 
execute function functions.addValues(vars.a, 1)
function &apos;functions.addValues(vars.a, 1)&apos; executed, status is Passed 
execute function functions.compareValues(LOOPINDEX, vars.a)
function &apos;functions.compareValues(LOOPINDEX, vars.a)&apos; executed, status is Passed 
execute function functions.addValues(vars.a, 1)
function &apos;functions.addValues(vars.a, 1)&apos; executed, status is Passed 
execute function functions.compareValues(LOOPITEM, vars.b)
function &apos;functions.compareValues(LOOPITEM, vars.b)&apos; executed, status is Passed 
execute function functions.addValues(vars.b, 1)
function &apos;functions.addValues(vars.b, 1)&apos; executed, status is Passed 
execute function functions.compareValues(LOOPITEM, vars.b)
function &apos;functions.compareValues(LOOPITEM, vars.b)&apos; executed, status is Passed 
execute function functions.addValues(vars.b, 1)
function &apos;functions.addValues(vars.b, 1)&apos; executed, status is Passed 
execute function functions.compareValues(LOOPITEM, vars.b)
function &apos;functions.compareValues(LOOPITEM, vars.b)&apos; executed, status is Passed 
execute function functions.addValues(vars.b, 1)
function &apos;functions.addValues(vars.b, 1)&apos; executed, status is Passed 
execute function functions.compareValues(LOOPITEM, vars.b)
function &apos;functions.compareValues(LOOPITEM, vars.b)&apos; executed, status is Passed 
execute function functions.addValues(vars.b, 1)
function &apos;functions.addValues(vars.b, 1)&apos; executed, status is Passed 
execute function functions.compareValues(LOOPITEM, vars.b)
function &apos;functions.compareValues(LOOPITEM, vars.b)&apos; executed, status is Passed 
execute function functions.addValues(vars.b, 1)
function &apos;functions.addValues(vars.b, 1)&apos; executed, status is Passed 
Phase execution executed, status is Passed
Execute test case phase: postconditions
Phase postconditions executed, status is Undefined
Test case SET-194 ended. Status: Passed 
##
## Test case SET-194 execution PASSED
##
</system-out></testcase><testcase classname="appTestCases.CoreTest" file="appTestCases.py" line="175" name="test_SET_201" time="0.0120000839233"><system-out>
##
## Running test case: SET-201, with params: None
##
Execute test case SET-201
Execute test case phase: prerequisites
Phase prerequisites executed, status is Undefined
Execute test case phase: setup
Phase setup executed, status is Undefined
Execute test case phase: execution
execute function functions.compareValues(vars.tupInt[0], 2)
function &apos;functions.compareValues(vars.tupInt[0], 2)&apos; executed, status is Passed 
execute function functions.compareValues(vars.tupInt[1], 3)
function &apos;functions.compareValues(vars.tupInt[1], 3)&apos; executed, status is Passed 
execute function functions.compareValues(vars.tupInt[2], 4)
function &apos;functions.compareValues(vars.tupInt[2], 4)&apos; executed, status is Passed 
execute function functions.compareValues(vars.tupFloat[0], 2.2)
function &apos;functions.compareValues(vars.tupFloat[0], 2.2)&apos; executed, status is Passed 
execute function functions.compareValues(vars.tupFloat[1], 4.4)
function &apos;functions.compareValues(vars.tupFloat[1], 4.4)&apos; executed, status is Passed 
execute function functions.compareValues(vars.tupFloat[2], 5.5)
function &apos;functions.compareValues(vars.tupFloat[2], 5.5)&apos; executed, status is Passed 
execute function functions.compareValues(vars.tupString[0], &apos;ala&apos;)
function &apos;functions.compareValues(vars.tupString[0], &apos;ala&apos;)&apos; executed, status is Passed 
execute function functions.compareValues(vars.tupString[1], &apos;ma&apos;)
function &apos;functions.compareValues(vars.tupString[1], &apos;ma&apos;)&apos; executed, status is Passed 
execute function functions.compareValues(vars.tupString[2], &apos;kota&apos;)
function &apos;functions.compareValues(vars.tupString[2], &apos;kota&apos;)&apos; executed, status is Passed 
Phase execution executed, status is Passed
Execute test case phase: postconditions
Phase postconditions executed, status is Undefined
Test case SET-201 ended. Status: Passed 
##
## Test case SET-201 execution PASSED
##
</system-out></testcase><testcase classname="appTestCases.CoreTest" file="appTestCases.py" line="175" name="test_SET_202" time="0.0110001564026"><system-out>
##
## Running test case: SET-202, with params: None
##
Execute test case SET-202
Execute test case phase: prerequisites
Phase prerequisites executed, status is Undefined
Execute test case phase: setup
Phase setup executed, status is Undefined
Execute test case phase: execution
execute function functions.compareValues(vars.dicInt[&apos;k1&apos;], 2)
function &apos;functions.compareValues(vars.dicInt[&apos;k1&apos;], 2)&apos; executed, status is Passed 
execute function functions.compareValues(vars.dicInt[&apos;k2&apos;], 3)
function &apos;functions.compareValues(vars.dicInt[&apos;k2&apos;], 3)&apos; executed, status is Passed 
execute function functions.compareValues(vars.dicInt[&apos;k3&apos;], 4)
function &apos;functions.compareValues(vars.dicInt[&apos;k3&apos;], 4)&apos; executed, status is Passed 
execute function functions.compareValues(vars.dicFloat[&apos;k1&apos;], 2.2)
function &apos;functions.compareValues(vars.dicFloat[&apos;k1&apos;], 2.2)&apos; executed, status is Passed 
execute function functions.compareValues(vars.dicFloat[&apos;k2&apos;], 4.4)
function &apos;functions.compareValues(vars.dicFloat[&apos;k2&apos;], 4.4)&apos; executed, status is Passed 
execute function functions.compareValues(vars.dicFloat[&apos;k3&apos;], 5.5)
function &apos;functions.compareValues(vars.dicFloat[&apos;k3&apos;], 5.5)&apos; executed, status is Passed 
execute function functions.compareValues(vars.dicString[&apos;k1&apos;], &apos;ala&apos;)
function &apos;functions.compareValues(vars.dicString[&apos;k1&apos;], &apos;ala&apos;)&apos; executed, status is Passed 
execute function functions.compareValues(vars.dicString[&apos;k2&apos;], &apos;ma&apos;)
function &apos;functions.compareValues(vars.dicString[&apos;k2&apos;], &apos;ma&apos;)&apos; executed, status is Passed 
execute function functions.compareValues(vars.dicString[&apos;k3&apos;], &apos;kota&apos;)
function &apos;functions.compareValues(vars.dicString[&apos;k3&apos;], &apos;kota&apos;)&apos; executed, status is Passed 
Phase execution executed, status is Passed
Execute test case phase: postconditions
Phase postconditions executed, status is Undefined
Test case SET-202 ended. Status: Passed 
##
## Test case SET-202 execution PASSED
##
</system-out></testcase><testcase classname="appTestCases.CoreTest" file="appTestCases.py" line="175" name="test_SET_203" time="0.00999999046326"><system-out>
##
## Running test case: SET-203, with params: None
##
Execute test case SET-203
Execute test case phase: prerequisites
Phase prerequisites executed, status is Undefined
Execute test case phase: setup
Phase setup executed, status is Undefined
Execute test case phase: execution
execute function functions.compareValues(vars.multiDimArr[0][0], 1)
function &apos;functions.compareValues(vars.multiDimArr[0][0], 1)&apos; executed, status is Passed 
execute function functions.compareValues(vars.multiDimArr[0][1], 2)
function &apos;functions.compareValues(vars.multiDimArr[0][1], 2)&apos; executed, status is Passed 
execute function functions.compareValues(vars.multiDimArr[0][2], 3)
function &apos;functions.compareValues(vars.multiDimArr[0][2], 3)&apos; executed, status is Passed 
execute function functions.compareValues(vars.multiDimArr[1][0], 2.1)
function &apos;functions.compareValues(vars.multiDimArr[1][0], 2.1)&apos; executed, status is Passed 
execute function functions.compareValues(vars.multiDimArr[1][1], 2.2)
function &apos;functions.compareValues(vars.multiDimArr[1][1], 2.2)&apos; executed, status is Passed 
execute function functions.compareValues(vars.multiDimArr[1][2], 2.3)
function &apos;functions.compareValues(vars.multiDimArr[1][2], 2.3)&apos; executed, status is Passed 
execute function functions.compareValues(vars.multiDimArr[2][&apos;k1&apos;], &apos;ala&apos;)
function &apos;functions.compareValues(vars.multiDimArr[2][&apos;k1&apos;], &apos;ala&apos;)&apos; executed, status is Passed 
execute function functions.compareValues(vars.multiDimArr[2][&apos;k2&apos;], &apos;ma&apos;)
function &apos;functions.compareValues(vars.multiDimArr[2][&apos;k2&apos;], &apos;ma&apos;)&apos; executed, status is Passed 
execute function functions.compareValues(vars.multiDimArr[2][&apos;k3&apos;], &apos;kota&apos;)
function &apos;functions.compareValues(vars.multiDimArr[2][&apos;k3&apos;], &apos;kota&apos;)&apos; executed, status is Passed 
Phase execution executed, status is Passed
Execute test case phase: postconditions
Phase postconditions executed, status is Undefined
Test case SET-203 ended. Status: Passed 
##
## Test case SET-203 execution PASSED
##
</system-out></testcase><testcase classname="appTestCases.CoreTest" file="appTestCases.py" line="175" name="test_SET_205" time="0.00999999046326"><system-out>
##
## Running test case: SET-205, with params: None
##
Execute test case SET-205
Execute test case phase: prerequisites
Phase prerequisites executed, status is Undefined
Execute test case phase: setup
Phase setup executed, status is Undefined
Execute test case phase: execution
execute function functions.returnVal(vars.tab.append(1))
function &apos;functions.returnVal(vars.tab.append(1))&apos; executed, status is Passed 
execute function functions.returnVal(vars.tab.append(2))
function &apos;functions.returnVal(vars.tab.append(2))&apos; executed, status is Passed 
execute function functions.returnVal(vars.tab.append(3))
function &apos;functions.returnVal(vars.tab.append(3))&apos; executed, status is Passed 
execute function functions.returnVal(vars.tab.append(4))
function &apos;functions.returnVal(vars.tab.append(4))&apos; executed, status is Passed 
execute function functions.varCheck(&quot;compare variables&quot;, vars.tab, vars.comArr)
function &apos;functions.varCheck(&quot;compare variables&quot;, vars.tab, vars.comArr)&apos; executed, status is Passed 
Phase execution executed, status is Passed
Execute test case phase: postconditions
Phase postconditions executed, status is Undefined
Test case SET-205 ended. Status: Passed 
##
## Test case SET-205 execution PASSED
##
</system-out></testcase><testcase classname="appTestCases.CoreTest" file="appTestCases.py" line="175" name="test_SET_206" time="0.00300025939941"><failure message="AssertionError: StandardError(&quot;Error in test case &apos;t:\\SamsungEnbTA\\TiGear\\coreTests\\testcases\\SET-206&apos;: Cannot find test case file &apos;t:\\SamsungEnbTA\\TiGear\\coreTests\\testcases\\SET-206\\tc.xml&apos;&quot;,)">self = &lt;appTestCases.CoreTest testMethod=test_SET_206&gt;

    def testMethod(self):
        # check if param file is defined for a test case
        paramPath = os.path.join(&apos;..&apos;, &apos;params&apos;, name + &apos;.txt&apos;)
        if not os.path.exists(paramPath):
            paramPath = None
    
&gt;       self.runTestCase(name, paramPath)

appTestCases.py:182: 
_ _ _ _ _ _ _ _ _ _ _ _ _ _ _ _ _ _ _ _ _ _ _ _ _ _ _ _ _ _ _ _ _ _ _ _ _ _ _ _
appTestCases.py:168: in runTestCase
    self.fail(repr(err))
E   AssertionError: StandardError(&quot;Error in test case &apos;t:\\SamsungEnbTA\\TiGear\\coreTests\\testcases\\SET-206&apos;: Cannot find test case file &apos;t:\\SamsungEnbTA\\TiGear\\coreTests\\testcases\\SET-206\\tc.xml&apos;&quot;,)</failure><system-out>
##
## Running test case: SET-206, with params: None
##
##
## Test case SET-206 execution FAILED
##
</system-out></testcase><testcase classname="appTestCases.CoreTest" file="appTestCases.py" line="175" name="test_SET_207" time="0.0090000629425"><system-out>
##
## Running test case: SET-207, with params: None
##
Execute test case SET-207
Execute test case phase: prerequisites
Phase prerequisites executed, status is Undefined
Execute test case phase: setup
Phase setup executed, status is Undefined
Execute test case phase: execution
execute function functions.returnVal(vars.a.append(vars.v_int))
function &apos;functions.returnVal(vars.a.append(vars.v_int))&apos; executed, status is Passed 
execute function functions.returnVal(vars.a.append(vars.v_float))
function &apos;functions.returnVal(vars.a.append(vars.v_float))&apos; executed, status is Passed 
execute function functions.returnVal(vars.a.append(vars.v_string))
function &apos;functions.returnVal(vars.a.append(vars.v_string))&apos; executed, status is Passed 
execute function functions.varCheck(&quot;compare variables&quot;, vars.a, vars.b)
function &apos;functions.varCheck(&quot;compare variables&quot;, vars.a, vars.b)&apos; executed, status is Passed 
Phase execution executed, status is Passed
Execute test case phase: postconditions
Phase postconditions executed, status is Undefined
Test case SET-207 ended. Status: Passed 
##
## Test case SET-207 execution PASSED
##
</system-out></testcase><testcase classname="appTestCases.CoreTest" file="appTestCases.py" line="175" name="test_SET_208" time="0.0090000629425"><system-out>
##
## Running test case: SET-208, with params: None
##
Execute test case SET-208
Execute test case phase: prerequisites
Phase prerequisites executed, status is Undefined
Execute test case phase: setup
Phase setup executed, status is Undefined
Execute test case phase: execution
execute function functions.compareValues(vars.a[0][0],1)
function &apos;functions.compareValues(vars.a[0][0],1)&apos; executed, status is Passed 
execute function functions.compareValues(vars.a[3][39],100)
function &apos;functions.compareValues(vars.a[3][39],100)&apos; executed, status is Passed 
execute function functions.compareValues(vars.a[1][5],16)
function &apos;functions.compareValues(vars.a[1][5],16)&apos; executed, status is Passed 
execute function functions.compareValues(vars.a[2][28],59)
function &apos;functions.compareValues(vars.a[2][28],59)&apos; executed, status is Passed 
Phase execution executed, status is Passed
Execute test case phase: postconditions
Phase postconditions executed, status is Undefined
Test case SET-208 ended. Status: Passed 
##
## Test case SET-208 execution PASSED
##
</system-out></testcase><testcase classname="appTestCases.CoreTest" file="appTestCases.py" line="175" name="test_SET_209" time="0.00999999046326"><system-out>
##
## Running test case: SET-209, with params: None
##
Execute test case SET-209
Execute test case phase: prerequisites
Phase prerequisites executed, status is Undefined
Execute test case phase: setup
Phase setup executed, status is Undefined
Execute test case phase: execution
execute function functions.compareValues(vars.a[0][0],1)
function &apos;functions.compareValues(vars.a[0][0],1)&apos; executed, status is Passed 
execute function functions.compareValues(vars.a[1][1],2.2)
function &apos;functions.compareValues(vars.a[1][1],2.2)&apos; executed, status is Passed 
execute function functions.compareValues(vars.a[2][2], &apos;kota&apos;)
function &apos;functions.compareValues(vars.a[2][2], &apos;kota&apos;)&apos; executed, status is Passed 
Phase execution executed, status is Passed
Execute test case phase: postconditions
Phase postconditions executed, status is Undefined
Test case SET-209 ended. Status: Passed 
##
## Test case SET-209 execution PASSED
##
</system-out></testcase><testcase classname="appTestCases.CoreTest" file="appTestCases.py" line="175" name="test_SET_221" time="0.010999917984"><system-out>
##
## Running test case: SET-221, with params: ..\params\SET-221.txt
##
Execute test case SET-221
Execute test case phase: prerequisites
Phase prerequisites executed, status is Undefined
Execute test case phase: setup
Phase setup executed, status is Undefined
Execute test case phase: execution
execute function functions.addValues(vars.a, &quot;A&quot;)
function &apos;functions.addValues(vars.a, &quot;A&quot;)&apos; executed, status is Passed 
Phase execution executed, status is Passed
Execute test case phase: postconditions
Phase postconditions executed, status is Undefined
Test case SET-221 ended. Status: Passed 
##
## Test case SET-221 execution PASSED
##
</system-out></testcase><testcase classname="appTestCases.CoreTest" file="appTestCases.py" line="175" name="test_SET_224" time="0.0090000629425"><system-out>
##
## Running test case: SET-224, with params: None
##
Execute test case SET-224
Execute test case phase: prerequisites
Phase prerequisites executed, status is Undefined
Execute test case phase: setup
Phase setup executed, status is Undefined
Execute test case phase: execution
execute function functions.addValues(vars.a, &quot;A&quot;)
function &apos;functions.addValues(vars.a, &quot;A&quot;)&apos; executed, status is Passed 
Phase execution executed, status is Passed
Execute test case phase: postconditions
execute function functions.compareValues(vars.a, &quot;A&quot;)
function &apos;functions.compareValues(vars.a, &quot;A&quot;)&apos; executed, status is Passed 
Phase postconditions executed, status is Passed
Test case SET-224 ended. Status: Passed 
##
## Test case SET-224 execution PASSED
##
</system-out></testcase><testcase classname="appTestCases.CoreTest" file="appTestCases.py" line="175" name="test_SET_227" time="0.00999999046326"><system-out>
##
## Running test case: SET-227, with params: None
##
Execute test case SET-227
Execute test case phase: prerequisites
Phase prerequisites executed, status is Undefined
Execute test case phase: setup
Phase setup executed, status is Undefined
Execute test case phase: execution
Phase execution executed, status is Undefined
Execute test case phase: postconditions
Phase postconditions executed, status is Undefined
Test case SET-227 ended. Status: Passed 
##
## Test case SET-227 execution PASSED
##
</system-out></testcase><testcase classname="appTestCases.CoreTest" file="appTestCases.py" line="175" name="test_SET_229" time="0.00300002098083"><failure message="AssertionError: TestConfigurationDefError(&quot;Error loading test configuration file t:\\SamsungEnbTA\\TiGear\\coreTests\\params\\SET-229.txt. Error in data file &apos;t:\\SamsungEnbTA\\TiGear\\coreTests\\params\\SET-229.txt&apos;, line &apos;import ./SET-190/par.txt&apos;: [Error 3] The system cannot find the path specified: &apos;t:\\\\SamsungEnbTA\\\\TiGear\\\\coreTests\\\\params\\\\./SET-190/par.txt&apos;&quot;,)">self = &lt;appTestCases.CoreTest testMethod=test_SET_229&gt;

    def testMethod(self):
        # check if param file is defined for a test case
        paramPath = os.path.join(&apos;..&apos;, &apos;params&apos;, name + &apos;.txt&apos;)
        if not os.path.exists(paramPath):
            paramPath = None
    
&gt;       self.runTestCase(name, paramPath)

appTestCases.py:182: 
_ _ _ _ _ _ _ _ _ _ _ _ _ _ _ _ _ _ _ _ _ _ _ _ _ _ _ _ _ _ _ _ _ _ _ _ _ _ _ _
appTestCases.py:168: in runTestCase
    self.fail(repr(err))
E   AssertionError: TestConfigurationDefError(&quot;Error loading test configuration file t:\\SamsungEnbTA\\TiGear\\coreTests\\params\\SET-229.txt. Error in data file &apos;t:\\SamsungEnbTA\\TiGear\\coreTests\\params\\SET-229.txt&apos;, line &apos;import ./SET-190/par.txt&apos;: [Error 3] The system cannot find the path specified: &apos;t:\\\\SamsungEnbTA\\\\TiGear\\\\coreTests\\\\params\\\\./SET-190/par.txt&apos;&quot;,)</failure><system-out>
##
## Running test case: SET-229, with params: ..\params\SET-229.txt
##
##
## Test case SET-229 execution FAILED
##
</system-out></testcase><testcase classname="appTestCases.CoreTest" file="appTestCases.py" line="175" name="test_SET_232" time="0.0120000839233"><system-out>
##
## Running test case: SET-232, with params: ..\params\SET-232.txt
##
Execute test case SET-232
Execute test case phase: prerequisites
Phase prerequisites executed, status is Undefined
Execute test case phase: setup
Phase setup executed, status is Undefined
Execute test case phase: execution
execute function functions.addValues(vars.a, 1)
function &apos;functions.addValues(vars.a, 1)&apos; executed, status is Passed 
execute function functions.addValues(vars.a, 1)
function &apos;functions.addValues(vars.a, 1)&apos; executed, status is Passed 
execute function functions.addValues(vars.a, 1)
function &apos;functions.addValues(vars.a, 1)&apos; executed, status is Passed 
execute function functions.addValues(vars.a, 1)
function &apos;functions.addValues(vars.a, 1)&apos; executed, status is Passed 
execute function functions.addValues(vars.a, 1)
function &apos;functions.addValues(vars.a, 1)&apos; executed, status is Passed 
execute function functions.addValues(vars.b, 1)
function &apos;functions.addValues(vars.b, 1)&apos; executed, status is Passed 
execute function functions.addValues(vars.b, 1)
function &apos;functions.addValues(vars.b, 1)&apos; executed, status is Passed 
execute function functions.addValues(vars.b, 1)
function &apos;functions.addValues(vars.b, 1)&apos; executed, status is Passed 
Phase execution executed, status is Passed
Execute test case phase: postconditions
execute function functions.compareValues(vars.a, 5)
function &apos;functions.compareValues(vars.a, 5)&apos; executed, status is Passed 
execute function functions.compareValues(vars.b, 3)
function &apos;functions.compareValues(vars.b, 3)&apos; executed, status is Passed 
Phase postconditions executed, status is Passed
Test case SET-232 ended. Status: Passed 
##
## Test case SET-232 execution PASSED
##
</system-out></testcase><testcase classname="appTestCases.CoreTest" file="appTestCases.py" line="175" name="test_SET_233" time="0.0519998073578"><system-out>
##
## Running test case: SET-233, with params: ..\params\SET-233.txt
##
Execute test case SET-233
Execute test case phase: prerequisites
Phase prerequisites executed, status is Undefined
Execute test case phase: setup
Phase setup executed, status is Undefined
Execute test case phase: execution
execute function functions.addValues(vars.a, 1)
function &apos;functions.addValues(vars.a, 1)&apos; executed, status is Passed 
execute function tai.pause(&apos;pause&apos;, &apos;test&apos;, 0.01)
function &apos;tai.pause(&apos;pause&apos;, &apos;test&apos;, 0.01)&apos; executed, status is Passed 
execute function functions.addValues(vars.b, 1)
function &apos;functions.addValues(vars.b, 1)&apos; executed, status is Passed 
execute function tai.pause(&apos;pause&apos;, &apos;test&apos;, 0.01)
function &apos;tai.pause(&apos;pause&apos;, &apos;test&apos;, 0.01)&apos; executed, status is Passed 
execute function functions.addValues(vars.b, 1)
function &apos;functions.addValues(vars.b, 1)&apos; executed, status is Passed 
execute function tai.pause(&apos;pause&apos;, &apos;test&apos;, 0.01)
function &apos;tai.pause(&apos;pause&apos;, &apos;test&apos;, 0.01)&apos; executed, status is Passed 
execute function functions.addValues(vars.c, 1)
function &apos;functions.addValues(vars.c, 1)&apos; executed, status is Passed 
execute function tai.pause(&apos;pause&apos;, &apos;test&apos;, 0.01)
function &apos;tai.pause(&apos;pause&apos;, &apos;test&apos;, 0.01)&apos; executed, status is Passed 
execute function functions.addValues(vars.c, 1)
function &apos;functions.addValues(vars.c, 1)&apos; executed, status is Passed 
Phase execution executed, status is Passed
Execute test case phase: postconditions
execute function functions.compareValues(vars.a, 1)
function &apos;functions.compareValues(vars.a, 1)&apos; executed, status is Passed 
execute function functions.compareValues(vars.b, 2)
function &apos;functions.compareValues(vars.b, 2)&apos; executed, status is Passed 
execute function functions.compareValues(vars.c, 2)
function &apos;functions.compareValues(vars.c, 2)&apos; executed, status is Passed 
Phase postconditions executed, status is Passed
Test case SET-233 ended. Status: Passed 
##
## Test case SET-233 execution PASSED
##
</system-out></testcase><testcase classname="appTestCases.CoreTest" file="appTestCases.py" line="175" name="test_SET_238" time="0.00200009346008"><failure message="AssertionError: TestConfigurationDefError(&quot;Error loading test configuration file t:\\SamsungEnbTA\\TiGear\\coreTests\\params\\SET-238.txt. Error in data file &apos;t:\\SamsungEnbTA\\TiGear\\coreTests\\params\\SET-238.txt&apos;, line &apos;import ./SET-190/par.txt&apos;: [Error 3] The system cannot find the path specified: &apos;t:\\\\SamsungEnbTA\\\\TiGear\\\\coreTests\\\\params\\\\./SET-190/par.txt&apos;&quot;,)">self = &lt;appTestCases.CoreTest testMethod=test_SET_238&gt;

    def testMethod(self):
        # check if param file is defined for a test case
        paramPath = os.path.join(&apos;..&apos;, &apos;params&apos;, name + &apos;.txt&apos;)
        if not os.path.exists(paramPath):
            paramPath = None
    
&gt;       self.runTestCase(name, paramPath)

appTestCases.py:182: 
_ _ _ _ _ _ _ _ _ _ _ _ _ _ _ _ _ _ _ _ _ _ _ _ _ _ _ _ _ _ _ _ _ _ _ _ _ _ _ _
appTestCases.py:168: in runTestCase
    self.fail(repr(err))
E   AssertionError: TestConfigurationDefError(&quot;Error loading test configuration file t:\\SamsungEnbTA\\TiGear\\coreTests\\params\\SET-238.txt. Error in data file &apos;t:\\SamsungEnbTA\\TiGear\\coreTests\\params\\SET-238.txt&apos;, line &apos;import ./SET-190/par.txt&apos;: [Error 3] The system cannot find the path specified: &apos;t:\\\\SamsungEnbTA\\\\TiGear\\\\coreTests\\\\params\\\\./SET-190/par.txt&apos;&quot;,)</failure><system-out>
##
## Running test case: SET-238, with params: ..\params\SET-238.txt
##
##
## Test case SET-238 execution FAILED
##
</system-out></testcase><testcase classname="appTestCases.CoreTest" file="appTestCases.py" line="175" name="test_SET_241" time="0.0410001277924"><system-out>
##
## Running test case: SET-241, with params: None
##
Execute test case SET-241
Execute test case phase: prerequisites
Phase prerequisites executed, status is Undefined
Execute test case phase: setup
Phase setup executed, status is Undefined
Execute test case phase: execution
execute function functions.compareValues(vars._LEVEL_0_inside, LOOPINDEX)
function &apos;functions.compareValues(vars._LEVEL_0_inside, LOOPINDEX)&apos; executed, status is Passed 
execute function functions.compareValues(vars._LEVEL_0_inside, loopIndex(0))
function &apos;functions.compareValues(vars._LEVEL_0_inside, loopIndex(0))&apos; executed, status is Passed 
execute function functions.compareValues(vars._LEVEL_0_inside, loopIndex(1))
function &apos;functions.compareValues(vars._LEVEL_0_inside, loopIndex(1))&apos; executed, status is Passed 
execute function functions.compareValues(vars._LEVEL_1_inside, LOOPINDEX)
function &apos;functions.compareValues(vars._LEVEL_1_inside, LOOPINDEX)&apos; executed, status is Passed 
execute function functions.compareValues(vars._LEVEL_1_inside, loopIndex(0))
function &apos;functions.compareValues(vars._LEVEL_1_inside, loopIndex(0))&apos; executed, status is Passed 
execute function functions.compareValues(vars._LEVEL_0_inside, loopIndex(2))
function &apos;functions.compareValues(vars._LEVEL_0_inside, loopIndex(2))&apos; executed, status is Passed 
execute function functions.compareValues(vars._LEVEL_1_inside, loopIndex(1))
function &apos;functions.compareValues(vars._LEVEL_1_inside, loopIndex(1))&apos; executed, status is Passed 
execute function functions.compareValues(vars._LEVEL_2_inside, LOOPINDEX)
function &apos;functions.compareValues(vars._LEVEL_2_inside, LOOPINDEX)&apos; executed, status is Passed 
execute function functions.compareValues(vars._LEVEL_2_inside, loopIndex(0))
function &apos;functions.compareValues(vars._LEVEL_2_inside, loopIndex(0))&apos; executed, status is Passed 
execute function functions.compareValues(vars._LEVEL_0_inside, loopIndex(3))
function &apos;functions.compareValues(vars._LEVEL_0_inside, loopIndex(3))&apos; executed, status is Passed 
execute function functions.compareValues(vars._LEVEL_1_inside, loopIndex(2))
function &apos;functions.compareValues(vars._LEVEL_1_inside, loopIndex(2))&apos; executed, status is Passed 
execute function functions.compareValues(vars._LEVEL_2_inside, loopIndex(1))
function &apos;functions.compareValues(vars._LEVEL_2_inside, loopIndex(1))&apos; executed, status is Passed 
execute function functions.compareValues(vars._LEVEL_3_inside, LOOPINDEX)
function &apos;functions.compareValues(vars._LEVEL_3_inside, LOOPINDEX)&apos; executed, status is Passed 
execute function functions.compareValues(vars._LEVEL_3_inside, loopIndex(0))
function &apos;functions.compareValues(vars._LEVEL_3_inside, loopIndex(0))&apos; executed, status is Passed 
execute function functions.addValues(vars._LEVEL_3_inside, vars._STEP)
function &apos;functions.addValues(vars._LEVEL_3_inside, vars._STEP)&apos; executed, status is Passed 
execute function functions.compareValues(vars._LEVEL_0_inside, loopIndex(3))
function &apos;functions.compareValues(vars._LEVEL_0_inside, loopIndex(3))&apos; executed, status is Passed 
execute function functions.compareValues(vars._LEVEL_1_inside, loopIndex(2))
function &apos;functions.compareValues(vars._LEVEL_1_inside, loopIndex(2))&apos; executed, status is Passed 
execute function functions.compareValues(vars._LEVEL_2_inside, loopIndex(1))
function &apos;functions.compareValues(vars._LEVEL_2_inside, loopIndex(1))&apos; executed, status is Passed 
execute function functions.compareValues(vars._LEVEL_3_inside, LOOPINDEX)
function &apos;functions.compareValues(vars._LEVEL_3_inside, LOOPINDEX)&apos; executed, status is Passed 
execute function functions.compareValues(vars._LEVEL_3_inside, loopIndex(0))
function &apos;functions.compareValues(vars._LEVEL_3_inside, loopIndex(0))&apos; executed, status is Passed 
execute function functions.addValues(vars._LEVEL_3_inside, vars._STEP)
function &apos;functions.addValues(vars._LEVEL_3_inside, vars._STEP)&apos; executed, status is Passed 
execute function functions.compareValues(vars._LEVEL_3_inside, vars._LOOP)
function &apos;functions.compareValues(vars._LEVEL_3_inside, vars._LOOP)&apos; executed, status is Passed 
execute function functions.returnVal(0)
function &apos;functions.returnVal(0)&apos; executed, status is Passed 
execute function functions.addValues(vars._LEVEL_2_inside, vars._STEP)
function &apos;functions.addValues(vars._LEVEL_2_inside, vars._STEP)&apos; executed, status is Passed 
execute function functions.compareValues(vars._LEVEL_0_inside, loopIndex(2))
function &apos;functions.compareValues(vars._LEVEL_0_inside, loopIndex(2))&apos; executed, status is Passed 
execute function functions.compareValues(vars._LEVEL_1_inside, loopIndex(1))
function &apos;functions.compareValues(vars._LEVEL_1_inside, loopIndex(1))&apos; executed, status is Passed 
execute function functions.compareValues(vars._LEVEL_2_inside, LOOPINDEX)
function &apos;functions.compareValues(vars._LEVEL_2_inside, LOOPINDEX)&apos; executed, status is Passed 
execute function functions.compareValues(vars._LEVEL_2_inside, loopIndex(0))
function &apos;functions.compareValues(vars._LEVEL_2_inside, loopIndex(0))&apos; executed, status is Passed 
execute function functions.compareValues(vars._LEVEL_0_inside, loopIndex(3))
function &apos;functions.compareValues(vars._LEVEL_0_inside, loopIndex(3))&apos; executed, status is Passed 
execute function functions.compareValues(vars._LEVEL_1_inside, loopIndex(2))
function &apos;functions.compareValues(vars._LEVEL_1_inside, loopIndex(2))&apos; executed, status is Passed 
execute function functions.compareValues(vars._LEVEL_2_inside, loopIndex(1))
function &apos;functions.compareValues(vars._LEVEL_2_inside, loopIndex(1))&apos; executed, status is Passed 
execute function functions.compareValues(vars._LEVEL_3_inside, LOOPINDEX)
function &apos;functions.compareValues(vars._LEVEL_3_inside, LOOPINDEX)&apos; executed, status is Passed 
execute function functions.compareValues(vars._LEVEL_3_inside, loopIndex(0))
function &apos;functions.compareValues(vars._LEVEL_3_inside, loopIndex(0))&apos; executed, status is Passed 
execute function functions.addValues(vars._LEVEL_3_inside, vars._STEP)
function &apos;functions.addValues(vars._LEVEL_3_inside, vars._STEP)&apos; executed, status is Passed 
execute function functions.compareValues(vars._LEVEL_0_inside, loopIndex(3))
function &apos;functions.compareValues(vars._LEVEL_0_inside, loopIndex(3))&apos; executed, status is Passed 
execute function functions.compareValues(vars._LEVEL_1_inside, loopIndex(2))
function &apos;functions.compareValues(vars._LEVEL_1_inside, loopIndex(2))&apos; executed, status is Passed 
execute function functions.compareValues(vars._LEVEL_2_inside, loopIndex(1))
function &apos;functions.compareValues(vars._LEVEL_2_inside, loopIndex(1))&apos; executed, status is Passed 
execute function functions.compareValues(vars._LEVEL_3_inside, LOOPINDEX)
function &apos;functions.compareValues(vars._LEVEL_3_inside, LOOPINDEX)&apos; executed, status is Passed 
execute function functions.compareValues(vars._LEVEL_3_inside, loopIndex(0))
function &apos;functions.compareValues(vars._LEVEL_3_inside, loopIndex(0))&apos; executed, status is Passed 
execute function functions.addValues(vars._LEVEL_3_inside, vars._STEP)
function &apos;functions.addValues(vars._LEVEL_3_inside, vars._STEP)&apos; executed, status is Passed 
execute function functions.compareValues(vars._LEVEL_3_inside, vars._LOOP)
function &apos;functions.compareValues(vars._LEVEL_3_inside, vars._LOOP)&apos; executed, status is Passed 
execute function functions.returnVal(0)
function &apos;functions.returnVal(0)&apos; executed, status is Passed 
execute function functions.addValues(vars._LEVEL_2_inside, vars._STEP)
function &apos;functions.addValues(vars._LEVEL_2_inside, vars._STEP)&apos; executed, status is Passed 
execute function functions.compareValues(vars._LEVEL_2_inside, vars._LOOP)
function &apos;functions.compareValues(vars._LEVEL_2_inside, vars._LOOP)&apos; executed, status is Passed 
execute function functions.returnVal(0)
function &apos;functions.returnVal(0)&apos; executed, status is Passed 
execute function functions.addValues(vars._LEVEL_1_inside, vars._STEP)
function &apos;functions.addValues(vars._LEVEL_1_inside, vars._STEP)&apos; executed, status is Passed 
execute function functions.compareValues(vars._LEVEL_0_inside, loopIndex(1))
function &apos;functions.compareValues(vars._LEVEL_0_inside, loopIndex(1))&apos; executed, status is Passed 
execute function functions.compareValues(vars._LEVEL_1_inside, LOOPINDEX)
function &apos;functions.compareValues(vars._LEVEL_1_inside, LOOPINDEX)&apos; executed, status is Passed 
execute function functions.compareValues(vars._LEVEL_1_inside, loopIndex(0))
function &apos;functions.compareValues(vars._LEVEL_1_inside, loopIndex(0))&apos; executed, status is Passed 
execute function functions.compareValues(vars._LEVEL_0_inside, loopIndex(2))
function &apos;functions.compareValues(vars._LEVEL_0_inside, loopIndex(2))&apos; executed, status is Passed 
execute function functions.compareValues(vars._LEVEL_1_inside, loopIndex(1))
function &apos;functions.compareValues(vars._LEVEL_1_inside, loopIndex(1))&apos; executed, status is Passed 
execute function functions.compareValues(vars._LEVEL_2_inside, LOOPINDEX)
function &apos;functions.compareValues(vars._LEVEL_2_inside, LOOPINDEX)&apos; executed, status is Passed 
execute function functions.compareValues(vars._LEVEL_2_inside, loopIndex(0))
function &apos;functions.compareValues(vars._LEVEL_2_inside, loopIndex(0))&apos; executed, status is Passed 
execute function functions.compareValues(vars._LEVEL_0_inside, loopIndex(3))
function &apos;functions.compareValues(vars._LEVEL_0_inside, loopIndex(3))&apos; executed, status is Passed 
execute function functions.compareValues(vars._LEVEL_1_inside, loopIndex(2))
function &apos;functions.compareValues(vars._LEVEL_1_inside, loopIndex(2))&apos; executed, status is Passed 
execute function functions.compareValues(vars._LEVEL_2_inside, loopIndex(1))
function &apos;functions.compareValues(vars._LEVEL_2_inside, loopIndex(1))&apos; executed, status is Passed 
execute function functions.compareValues(vars._LEVEL_3_inside, LOOPINDEX)
function &apos;functions.compareValues(vars._LEVEL_3_inside, LOOPINDEX)&apos; executed, status is Passed 
execute function functions.compareValues(vars._LEVEL_3_inside, loopIndex(0))
function &apos;functions.compareValues(vars._LEVEL_3_inside, loopIndex(0))&apos; executed, status is Passed 
execute function functions.addValues(vars._LEVEL_3_inside, vars._STEP)
function &apos;functions.addValues(vars._LEVEL_3_inside, vars._STEP)&apos; executed, status is Passed 
execute function functions.compareValues(vars._LEVEL_0_inside, loopIndex(3))
function &apos;functions.compareValues(vars._LEVEL_0_inside, loopIndex(3))&apos; executed, status is Passed 
execute function functions.compareValues(vars._LEVEL_1_inside, loopIndex(2))
function &apos;functions.compareValues(vars._LEVEL_1_inside, loopIndex(2))&apos; executed, status is Passed 
execute function functions.compareValues(vars._LEVEL_2_inside, loopIndex(1))
function &apos;functions.compareValues(vars._LEVEL_2_inside, loopIndex(1))&apos; executed, status is Passed 
execute function functions.compareValues(vars._LEVEL_3_inside, LOOPINDEX)
function &apos;functions.compareValues(vars._LEVEL_3_inside, LOOPINDEX)&apos; executed, status is Passed 
execute function functions.compareValues(vars._LEVEL_3_inside, loopIndex(0))
function &apos;functions.compareValues(vars._LEVEL_3_inside, loopIndex(0))&apos; executed, status is Passed 
execute function functions.addValues(vars._LEVEL_3_inside, vars._STEP)
function &apos;functions.addValues(vars._LEVEL_3_inside, vars._STEP)&apos; executed, status is Passed 
execute function functions.compareValues(vars._LEVEL_3_inside, vars._LOOP)
function &apos;functions.compareValues(vars._LEVEL_3_inside, vars._LOOP)&apos; executed, status is Passed 
execute function functions.returnVal(0)
function &apos;functions.returnVal(0)&apos; executed, status is Passed 
execute function functions.addValues(vars._LEVEL_2_inside, vars._STEP)
function &apos;functions.addValues(vars._LEVEL_2_inside, vars._STEP)&apos; executed, status is Passed 
execute function functions.compareValues(vars._LEVEL_0_inside, loopIndex(2))
function &apos;functions.compareValues(vars._LEVEL_0_inside, loopIndex(2))&apos; executed, status is Passed 
execute function functions.compareValues(vars._LEVEL_1_inside, loopIndex(1))
function &apos;functions.compareValues(vars._LEVEL_1_inside, loopIndex(1))&apos; executed, status is Passed 
execute function functions.compareValues(vars._LEVEL_2_inside, LOOPINDEX)
function &apos;functions.compareValues(vars._LEVEL_2_inside, LOOPINDEX)&apos; executed, status is Passed 
execute function functions.compareValues(vars._LEVEL_2_inside, loopIndex(0))
function &apos;functions.compareValues(vars._LEVEL_2_inside, loopIndex(0))&apos; executed, status is Passed 
execute function functions.compareValues(vars._LEVEL_0_inside, loopIndex(3))
function &apos;functions.compareValues(vars._LEVEL_0_inside, loopIndex(3))&apos; executed, status is Passed 
execute function functions.compareValues(vars._LEVEL_1_inside, loopIndex(2))
function &apos;functions.compareValues(vars._LEVEL_1_inside, loopIndex(2))&apos; executed, status is Passed 
execute function functions.compareValues(vars._LEVEL_2_inside, loopIndex(1))
function &apos;functions.compareValues(vars._LEVEL_2_inside, loopIndex(1))&apos; executed, status is Passed 
execute function functions.compareValues(vars._LEVEL_3_inside, LOOPINDEX)
function &apos;functions.compareValues(vars._LEVEL_3_inside, LOOPINDEX)&apos; executed, status is Passed 
execute function functions.compareValues(vars._LEVEL_3_inside, loopIndex(0))
function &apos;functions.compareValues(vars._LEVEL_3_inside, loopIndex(0))&apos; executed, status is Passed 
execute function functions.addValues(vars._LEVEL_3_inside, vars._STEP)
function &apos;functions.addValues(vars._LEVEL_3_inside, vars._STEP)&apos; executed, status is Passed 
execute function functions.compareValues(vars._LEVEL_0_inside, loopIndex(3))
function &apos;functions.compareValues(vars._LEVEL_0_inside, loopIndex(3))&apos; executed, status is Passed 
execute function functions.compareValues(vars._LEVEL_1_inside, loopIndex(2))
function &apos;functions.compareValues(vars._LEVEL_1_inside, loopIndex(2))&apos; executed, status is Passed 
execute function functions.compareValues(vars._LEVEL_2_inside, loopIndex(1))
function &apos;functions.compareValues(vars._LEVEL_2_inside, loopIndex(1))&apos; executed, status is Passed 
execute function functions.compareValues(vars._LEVEL_3_inside, LOOPINDEX)
function &apos;functions.compareValues(vars._LEVEL_3_inside, LOOPINDEX)&apos; executed, status is Passed 
execute function functions.compareValues(vars._LEVEL_3_inside, loopIndex(0))
function &apos;functions.compareValues(vars._LEVEL_3_inside, loopIndex(0))&apos; executed, status is Passed 
execute function functions.addValues(vars._LEVEL_3_inside, vars._STEP)
function &apos;functions.addValues(vars._LEVEL_3_inside, vars._STEP)&apos; executed, status is Passed 
execute function functions.compareValues(vars._LEVEL_3_inside, vars._LOOP)
function &apos;functions.compareValues(vars._LEVEL_3_inside, vars._LOOP)&apos; executed, status is Passed 
execute function functions.returnVal(0)
function &apos;functions.returnVal(0)&apos; executed, status is Passed 
execute function functions.addValues(vars._LEVEL_2_inside, vars._STEP)
function &apos;functions.addValues(vars._LEVEL_2_inside, vars._STEP)&apos; executed, status is Passed 
execute function functions.compareValues(vars._LEVEL_2_inside, vars._LOOP)
function &apos;functions.compareValues(vars._LEVEL_2_inside, vars._LOOP)&apos; executed, status is Passed 
execute function functions.returnVal(0)
function &apos;functions.returnVal(0)&apos; executed, status is Passed 
execute function functions.addValues(vars._LEVEL_1_inside, vars._STEP)
function &apos;functions.addValues(vars._LEVEL_1_inside, vars._STEP)&apos; executed, status is Passed 
execute function functions.compareValues(vars._LEVEL_1_inside, vars._LOOP)
function &apos;functions.compareValues(vars._LEVEL_1_inside, vars._LOOP)&apos; executed, status is Passed 
execute function functions.returnVal(0)
function &apos;functions.returnVal(0)&apos; executed, status is Passed 
execute function functions.addValues(vars._LEVEL_0_inside, vars._STEP)
function &apos;functions.addValues(vars._LEVEL_0_inside, vars._STEP)&apos; executed, status is Passed 
execute function functions.compareValues(vars._LEVEL_0_inside, LOOPINDEX)
function &apos;functions.compareValues(vars._LEVEL_0_inside, LOOPINDEX)&apos; executed, status is Passed 
execute function functions.compareValues(vars._LEVEL_0_inside, loopIndex(0))
function &apos;functions.compareValues(vars._LEVEL_0_inside, loopIndex(0))&apos; executed, status is Passed 
execute function functions.compareValues(vars._LEVEL_0_inside, loopIndex(1))
function &apos;functions.compareValues(vars._LEVEL_0_inside, loopIndex(1))&apos; executed, status is Passed 
execute function functions.compareValues(vars._LEVEL_1_inside, LOOPINDEX)
function &apos;functions.compareValues(vars._LEVEL_1_inside, LOOPINDEX)&apos; executed, status is Passed 
execute function functions.compareValues(vars._LEVEL_1_inside, loopIndex(0))
function &apos;functions.compareValues(vars._LEVEL_1_inside, loopIndex(0))&apos; executed, status is Passed 
execute function functions.compareValues(vars._LEVEL_0_inside, loopIndex(2))
function &apos;functions.compareValues(vars._LEVEL_0_inside, loopIndex(2))&apos; executed, status is Passed 
execute function functions.compareValues(vars._LEVEL_1_inside, loopIndex(1))
function &apos;functions.compareValues(vars._LEVEL_1_inside, loopIndex(1))&apos; executed, status is Passed 
execute function functions.compareValues(vars._LEVEL_2_inside, LOOPINDEX)
function &apos;functions.compareValues(vars._LEVEL_2_inside, LOOPINDEX)&apos; executed, status is Passed 
execute function functions.compareValues(vars._LEVEL_2_inside, loopIndex(0))
function &apos;functions.compareValues(vars._LEVEL_2_inside, loopIndex(0))&apos; executed, status is Passed 
execute function functions.compareValues(vars._LEVEL_0_inside, loopIndex(3))
function &apos;functions.compareValues(vars._LEVEL_0_inside, loopIndex(3))&apos; executed, status is Passed 
execute function functions.compareValues(vars._LEVEL_1_inside, loopIndex(2))
function &apos;functions.compareValues(vars._LEVEL_1_inside, loopIndex(2))&apos; executed, status is Passed 
execute function functions.compareValues(vars._LEVEL_2_inside, loopIndex(1))
function &apos;functions.compareValues(vars._LEVEL_2_inside, loopIndex(1))&apos; executed, status is Passed 
execute function functions.compareValues(vars._LEVEL_3_inside, LOOPINDEX)
function &apos;functions.compareValues(vars._LEVEL_3_inside, LOOPINDEX)&apos; executed, status is Passed 
execute function functions.compareValues(vars._LEVEL_3_inside, loopIndex(0))
function &apos;functions.compareValues(vars._LEVEL_3_inside, loopIndex(0))&apos; executed, status is Passed 
execute function functions.addValues(vars._LEVEL_3_inside, vars._STEP)
function &apos;functions.addValues(vars._LEVEL_3_inside, vars._STEP)&apos; executed, status is Passed 
execute function functions.compareValues(vars._LEVEL_0_inside, loopIndex(3))
function &apos;functions.compareValues(vars._LEVEL_0_inside, loopIndex(3))&apos; executed, status is Passed 
execute function functions.compareValues(vars._LEVEL_1_inside, loopIndex(2))
function &apos;functions.compareValues(vars._LEVEL_1_inside, loopIndex(2))&apos; executed, status is Passed 
execute function functions.compareValues(vars._LEVEL_2_inside, loopIndex(1))
function &apos;functions.compareValues(vars._LEVEL_2_inside, loopIndex(1))&apos; executed, status is Passed 
execute function functions.compareValues(vars._LEVEL_3_inside, LOOPINDEX)
function &apos;functions.compareValues(vars._LEVEL_3_inside, LOOPINDEX)&apos; executed, status is Passed 
execute function functions.compareValues(vars._LEVEL_3_inside, loopIndex(0))
function &apos;functions.compareValues(vars._LEVEL_3_inside, loopIndex(0))&apos; executed, status is Passed 
execute function functions.addValues(vars._LEVEL_3_inside, vars._STEP)
function &apos;functions.addValues(vars._LEVEL_3_inside, vars._STEP)&apos; executed, status is Passed 
execute function functions.compareValues(vars._LEVEL_3_inside, vars._LOOP)
function &apos;functions.compareValues(vars._LEVEL_3_inside, vars._LOOP)&apos; executed, status is Passed 
execute function functions.returnVal(0)
function &apos;functions.returnVal(0)&apos; executed, status is Passed 
execute function functions.addValues(vars._LEVEL_2_inside, vars._STEP)
function &apos;functions.addValues(vars._LEVEL_2_inside, vars._STEP)&apos; executed, status is Passed 
execute function functions.compareValues(vars._LEVEL_0_inside, loopIndex(2))
function &apos;functions.compareValues(vars._LEVEL_0_inside, loopIndex(2))&apos; executed, status is Passed 
execute function functions.compareValues(vars._LEVEL_1_inside, loopIndex(1))
function &apos;functions.compareValues(vars._LEVEL_1_inside, loopIndex(1))&apos; executed, status is Passed 
execute function functions.compareValues(vars._LEVEL_2_inside, LOOPINDEX)
function &apos;functions.compareValues(vars._LEVEL_2_inside, LOOPINDEX)&apos; executed, status is Passed 
execute function functions.compareValues(vars._LEVEL_2_inside, loopIndex(0))
function &apos;functions.compareValues(vars._LEVEL_2_inside, loopIndex(0))&apos; executed, status is Passed 
execute function functions.compareValues(vars._LEVEL_0_inside, loopIndex(3))
function &apos;functions.compareValues(vars._LEVEL_0_inside, loopIndex(3))&apos; executed, status is Passed 
execute function functions.compareValues(vars._LEVEL_1_inside, loopIndex(2))
function &apos;functions.compareValues(vars._LEVEL_1_inside, loopIndex(2))&apos; executed, status is Passed 
execute function functions.compareValues(vars._LEVEL_2_inside, loopIndex(1))
function &apos;functions.compareValues(vars._LEVEL_2_inside, loopIndex(1))&apos; executed, status is Passed 
execute function functions.compareValues(vars._LEVEL_3_inside, LOOPINDEX)
function &apos;functions.compareValues(vars._LEVEL_3_inside, LOOPINDEX)&apos; executed, status is Passed 
execute function functions.compareValues(vars._LEVEL_3_inside, loopIndex(0))
function &apos;functions.compareValues(vars._LEVEL_3_inside, loopIndex(0))&apos; executed, status is Passed 
execute function functions.addValues(vars._LEVEL_3_inside, vars._STEP)
function &apos;functions.addValues(vars._LEVEL_3_inside, vars._STEP)&apos; executed, status is Passed 
execute function functions.compareValues(vars._LEVEL_0_inside, loopIndex(3))
function &apos;functions.compareValues(vars._LEVEL_0_inside, loopIndex(3))&apos; executed, status is Passed 
execute function functions.compareValues(vars._LEVEL_1_inside, loopIndex(2))
function &apos;functions.compareValues(vars._LEVEL_1_inside, loopIndex(2))&apos; executed, status is Passed 
execute function functions.compareValues(vars._LEVEL_2_inside, loopIndex(1))
function &apos;functions.compareValues(vars._LEVEL_2_inside, loopIndex(1))&apos; executed, status is Passed 
execute function functions.compareValues(vars._LEVEL_3_inside, LOOPINDEX)
function &apos;functions.compareValues(vars._LEVEL_3_inside, LOOPINDEX)&apos; executed, status is Passed 
execute function functions.compareValues(vars._LEVEL_3_inside, loopIndex(0))
function &apos;functions.compareValues(vars._LEVEL_3_inside, loopIndex(0))&apos; executed, status is Passed 
execute function functions.addValues(vars._LEVEL_3_inside, vars._STEP)
function &apos;functions.addValues(vars._LEVEL_3_inside, vars._STEP)&apos; executed, status is Passed 
execute function functions.compareValues(vars._LEVEL_3_inside, vars._LOOP)
function &apos;functions.compareValues(vars._LEVEL_3_inside, vars._LOOP)&apos; executed, status is Passed 
execute function functions.returnVal(0)
function &apos;functions.returnVal(0)&apos; executed, status is Passed 
execute function functions.addValues(vars._LEVEL_2_inside, vars._STEP)
function &apos;functions.addValues(vars._LEVEL_2_inside, vars._STEP)&apos; executed, status is Passed 
execute function functions.compareValues(vars._LEVEL_2_inside, vars._LOOP)
function &apos;functions.compareValues(vars._LEVEL_2_inside, vars._LOOP)&apos; executed, status is Passed 
execute function functions.returnVal(0)
function &apos;functions.returnVal(0)&apos; executed, status is Passed 
execute function functions.addValues(vars._LEVEL_1_inside, vars._STEP)
function &apos;functions.addValues(vars._LEVEL_1_inside, vars._STEP)&apos; executed, status is Passed 
execute function functions.compareValues(vars._LEVEL_0_inside, loopIndex(1))
function &apos;functions.compareValues(vars._LEVEL_0_inside, loopIndex(1))&apos; executed, status is Passed 
execute function functions.compareValues(vars._LEVEL_1_inside, LOOPINDEX)
function &apos;functions.compareValues(vars._LEVEL_1_inside, LOOPINDEX)&apos; executed, status is Passed 
execute function functions.compareValues(vars._LEVEL_1_inside, loopIndex(0))
function &apos;functions.compareValues(vars._LEVEL_1_inside, loopIndex(0))&apos; executed, status is Passed 
execute function functions.compareValues(vars._LEVEL_0_inside, loopIndex(2))
function &apos;functions.compareValues(vars._LEVEL_0_inside, loopIndex(2))&apos; executed, status is Passed 
execute function functions.compareValues(vars._LEVEL_1_inside, loopIndex(1))
function &apos;functions.compareValues(vars._LEVEL_1_inside, loopIndex(1))&apos; executed, status is Passed 
execute function functions.compareValues(vars._LEVEL_2_inside, LOOPINDEX)
function &apos;functions.compareValues(vars._LEVEL_2_inside, LOOPINDEX)&apos; executed, status is Passed 
execute function functions.compareValues(vars._LEVEL_2_inside, loopIndex(0))
function &apos;functions.compareValues(vars._LEVEL_2_inside, loopIndex(0))&apos; executed, status is Passed 
execute function functions.compareValues(vars._LEVEL_0_inside, loopIndex(3))
function &apos;functions.compareValues(vars._LEVEL_0_inside, loopIndex(3))&apos; executed, status is Passed 
execute function functions.compareValues(vars._LEVEL_1_inside, loopIndex(2))
function &apos;functions.compareValues(vars._LEVEL_1_inside, loopIndex(2))&apos; executed, status is Passed 
execute function functions.compareValues(vars._LEVEL_2_inside, loopIndex(1))
function &apos;functions.compareValues(vars._LEVEL_2_inside, loopIndex(1))&apos; executed, status is Passed 
execute function functions.compareValues(vars._LEVEL_3_inside, LOOPINDEX)
function &apos;functions.compareValues(vars._LEVEL_3_inside, LOOPINDEX)&apos; executed, status is Passed 
execute function functions.compareValues(vars._LEVEL_3_inside, loopIndex(0))
function &apos;functions.compareValues(vars._LEVEL_3_inside, loopIndex(0))&apos; executed, status is Passed 
execute function functions.addValues(vars._LEVEL_3_inside, vars._STEP)
function &apos;functions.addValues(vars._LEVEL_3_inside, vars._STEP)&apos; executed, status is Passed 
execute function functions.compareValues(vars._LEVEL_0_inside, loopIndex(3))
function &apos;functions.compareValues(vars._LEVEL_0_inside, loopIndex(3))&apos; executed, status is Passed 
execute function functions.compareValues(vars._LEVEL_1_inside, loopIndex(2))
function &apos;functions.compareValues(vars._LEVEL_1_inside, loopIndex(2))&apos; executed, status is Passed 
execute function functions.compareValues(vars._LEVEL_2_inside, loopIndex(1))
function &apos;functions.compareValues(vars._LEVEL_2_inside, loopIndex(1))&apos; executed, status is Passed 
execute function functions.compareValues(vars._LEVEL_3_inside, LOOPINDEX)
function &apos;functions.compareValues(vars._LEVEL_3_inside, LOOPINDEX)&apos; executed, status is Passed 
execute function functions.compareValues(vars._LEVEL_3_inside, loopIndex(0))
function &apos;functions.compareValues(vars._LEVEL_3_inside, loopIndex(0))&apos; executed, status is Passed 
execute function functions.addValues(vars._LEVEL_3_inside, vars._STEP)
function &apos;functions.addValues(vars._LEVEL_3_inside, vars._STEP)&apos; executed, status is Passed 
execute function functions.compareValues(vars._LEVEL_3_inside, vars._LOOP)
function &apos;functions.compareValues(vars._LEVEL_3_inside, vars._LOOP)&apos; executed, status is Passed 
execute function functions.returnVal(0)
function &apos;functions.returnVal(0)&apos; executed, status is Passed 
execute function functions.addValues(vars._LEVEL_2_inside, vars._STEP)
function &apos;functions.addValues(vars._LEVEL_2_inside, vars._STEP)&apos; executed, status is Passed 
execute function functions.compareValues(vars._LEVEL_0_inside, loopIndex(2))
function &apos;functions.compareValues(vars._LEVEL_0_inside, loopIndex(2))&apos; executed, status is Passed 
execute function functions.compareValues(vars._LEVEL_1_inside, loopIndex(1))
function &apos;functions.compareValues(vars._LEVEL_1_inside, loopIndex(1))&apos; executed, status is Passed 
execute function functions.compareValues(vars._LEVEL_2_inside, LOOPINDEX)
function &apos;functions.compareValues(vars._LEVEL_2_inside, LOOPINDEX)&apos; executed, status is Passed 
execute function functions.compareValues(vars._LEVEL_2_inside, loopIndex(0))
function &apos;functions.compareValues(vars._LEVEL_2_inside, loopIndex(0))&apos; executed, status is Passed 
execute function functions.compareValues(vars._LEVEL_0_inside, loopIndex(3))
function &apos;functions.compareValues(vars._LEVEL_0_inside, loopIndex(3))&apos; executed, status is Passed 
execute function functions.compareValues(vars._LEVEL_1_inside, loopIndex(2))
function &apos;functions.compareValues(vars._LEVEL_1_inside, loopIndex(2))&apos; executed, status is Passed 
execute function functions.compareValues(vars._LEVEL_2_inside, loopIndex(1))
function &apos;functions.compareValues(vars._LEVEL_2_inside, loopIndex(1))&apos; executed, status is Passed 
execute function functions.compareValues(vars._LEVEL_3_inside, LOOPINDEX)
function &apos;functions.compareValues(vars._LEVEL_3_inside, LOOPINDEX)&apos; executed, status is Passed 
execute function functions.compareValues(vars._LEVEL_3_inside, loopIndex(0))
function &apos;functions.compareValues(vars._LEVEL_3_inside, loopIndex(0))&apos; executed, status is Passed 
execute function functions.addValues(vars._LEVEL_3_inside, vars._STEP)
function &apos;functions.addValues(vars._LEVEL_3_inside, vars._STEP)&apos; executed, status is Passed 
execute function functions.compareValues(vars._LEVEL_0_inside, loopIndex(3))
function &apos;functions.compareValues(vars._LEVEL_0_inside, loopIndex(3))&apos; executed, status is Passed 
execute function functions.compareValues(vars._LEVEL_1_inside, loopIndex(2))
function &apos;functions.compareValues(vars._LEVEL_1_inside, loopIndex(2))&apos; executed, status is Passed 
execute function functions.compareValues(vars._LEVEL_2_inside, loopIndex(1))
function &apos;functions.compareValues(vars._LEVEL_2_inside, loopIndex(1))&apos; executed, status is Passed 
execute function functions.compareValues(vars._LEVEL_3_inside, LOOPINDEX)
function &apos;functions.compareValues(vars._LEVEL_3_inside, LOOPINDEX)&apos; executed, status is Passed 
execute function functions.compareValues(vars._LEVEL_3_inside, loopIndex(0))
function &apos;functions.compareValues(vars._LEVEL_3_inside, loopIndex(0))&apos; executed, status is Passed 
execute function functions.addValues(vars._LEVEL_3_inside, vars._STEP)
function &apos;functions.addValues(vars._LEVEL_3_inside, vars._STEP)&apos; executed, status is Passed 
execute function functions.compareValues(vars._LEVEL_3_inside, vars._LOOP)
function &apos;functions.compareValues(vars._LEVEL_3_inside, vars._LOOP)&apos; executed, status is Passed 
execute function functions.returnVal(0)
function &apos;functions.returnVal(0)&apos; executed, status is Passed 
execute function functions.addValues(vars._LEVEL_2_inside, vars._STEP)
function &apos;functions.addValues(vars._LEVEL_2_inside, vars._STEP)&apos; executed, status is Passed 
execute function functions.compareValues(vars._LEVEL_2_inside, vars._LOOP)
function &apos;functions.compareValues(vars._LEVEL_2_inside, vars._LOOP)&apos; executed, status is Passed 
execute function functions.returnVal(0)
function &apos;functions.returnVal(0)&apos; executed, status is Passed 
execute function functions.addValues(vars._LEVEL_1_inside, vars._STEP)
function &apos;functions.addValues(vars._LEVEL_1_inside, vars._STEP)&apos; executed, status is Passed 
execute function functions.compareValues(vars._LEVEL_1_inside, vars._LOOP)
function &apos;functions.compareValues(vars._LEVEL_1_inside, vars._LOOP)&apos; executed, status is Passed 
execute function functions.returnVal(0)
function &apos;functions.returnVal(0)&apos; executed, status is Passed 
execute function functions.addValues(vars._LEVEL_0_inside, vars._STEP)
function &apos;functions.addValues(vars._LEVEL_0_inside, vars._STEP)&apos; executed, status is Passed 
Phase execution executed, status is Passed
Execute test case phase: postconditions
Phase postconditions executed, status is Undefined
Test case SET-241 ended. Status: Passed 
##
## Test case SET-241 execution PASSED
##
</system-out></testcase><testcase classname="appTestCases.CoreTest" file="appTestCases.py" line="175" name="test_SET_242" time="0.170000076294"><system-out>
##
## Running test case: SET-242, with params: None
##
Execute test case SET-242
Execute test case phase: prerequisites
Phase prerequisites executed, status is Undefined
Execute test case phase: setup
Phase setup executed, status is Undefined
Execute test case phase: execution
execute function functions.returnVal(len(vars._LOOP))
function &apos;functions.returnVal(len(vars._LOOP))&apos; executed, status is Passed 
execute function functions.compareValues(vars._LEVEL_0_inside, LOOPITEM)
function &apos;functions.compareValues(vars._LEVEL_0_inside, LOOPITEM)&apos; executed, status is Passed 
execute function functions.compareValues(vars._LEVEL_0_inside, loopItem(0))
function &apos;functions.compareValues(vars._LEVEL_0_inside, loopItem(0))&apos; executed, status is Passed 
execute function functions.compareValues(vars._LEVEL_0_inside, loopItem(1))
function &apos;functions.compareValues(vars._LEVEL_0_inside, loopItem(1))&apos; executed, status is Passed 
execute function functions.compareValues(vars._LEVEL_1_inside, LOOPITEM)
function &apos;functions.compareValues(vars._LEVEL_1_inside, LOOPITEM)&apos; executed, status is Passed 
execute function functions.compareValues(vars._LEVEL_1_inside, loopItem(0))
function &apos;functions.compareValues(vars._LEVEL_1_inside, loopItem(0))&apos; executed, status is Passed 
execute function functions.compareValues(vars._LEVEL_0_inside, loopItem(2))
function &apos;functions.compareValues(vars._LEVEL_0_inside, loopItem(2))&apos; executed, status is Passed 
execute function functions.compareValues(vars._LEVEL_1_inside, loopItem(1))
function &apos;functions.compareValues(vars._LEVEL_1_inside, loopItem(1))&apos; executed, status is Passed 
execute function functions.compareValues(vars._LEVEL_2_inside, LOOPITEM)
function &apos;functions.compareValues(vars._LEVEL_2_inside, LOOPITEM)&apos; executed, status is Passed 
execute function functions.compareValues(vars._LEVEL_2_inside, loopItem(0))
function &apos;functions.compareValues(vars._LEVEL_2_inside, loopItem(0))&apos; executed, status is Passed 
execute function functions.compareValues(vars._LEVEL_0_inside, loopItem(3))
function &apos;functions.compareValues(vars._LEVEL_0_inside, loopItem(3))&apos; executed, status is Passed 
execute function functions.compareValues(vars._LEVEL_1_inside, loopItem(2))
function &apos;functions.compareValues(vars._LEVEL_1_inside, loopItem(2))&apos; executed, status is Passed 
execute function functions.compareValues(vars._LEVEL_2_inside, loopItem(1))
function &apos;functions.compareValues(vars._LEVEL_2_inside, loopItem(1))&apos; executed, status is Passed 
execute function functions.compareValues(vars._LEVEL_3_inside, LOOPITEM)
function &apos;functions.compareValues(vars._LEVEL_3_inside, LOOPITEM)&apos; executed, status is Passed 
execute function functions.compareValues(vars._LEVEL_3_inside, loopItem(0))
function &apos;functions.compareValues(vars._LEVEL_3_inside, loopItem(0))&apos; executed, status is Passed 
execute function functions.addValues(vars._LEVEL_3_inside, vars._STEP)
function &apos;functions.addValues(vars._LEVEL_3_inside, vars._STEP)&apos; executed, status is Passed 
execute function functions.compareValues(vars._LEVEL_0_inside, loopItem(3))
function &apos;functions.compareValues(vars._LEVEL_0_inside, loopItem(3))&apos; executed, status is Passed 
execute function functions.compareValues(vars._LEVEL_1_inside, loopItem(2))
function &apos;functions.compareValues(vars._LEVEL_1_inside, loopItem(2))&apos; executed, status is Passed 
execute function functions.compareValues(vars._LEVEL_2_inside, loopItem(1))
function &apos;functions.compareValues(vars._LEVEL_2_inside, loopItem(1))&apos; executed, status is Passed 
execute function functions.compareValues(vars._LEVEL_3_inside, LOOPITEM)
function &apos;functions.compareValues(vars._LEVEL_3_inside, LOOPITEM)&apos; executed, status is Passed 
execute function functions.compareValues(vars._LEVEL_3_inside, loopItem(0))
function &apos;functions.compareValues(vars._LEVEL_3_inside, loopItem(0))&apos; executed, status is Passed 
execute function functions.addValues(vars._LEVEL_3_inside, vars._STEP)
function &apos;functions.addValues(vars._LEVEL_3_inside, vars._STEP)&apos; executed, status is Passed 
execute function functions.compareValues(vars._LEVEL_0_inside, loopItem(3))
function &apos;functions.compareValues(vars._LEVEL_0_inside, loopItem(3))&apos; executed, status is Passed 
execute function functions.compareValues(vars._LEVEL_1_inside, loopItem(2))
function &apos;functions.compareValues(vars._LEVEL_1_inside, loopItem(2))&apos; executed, status is Passed 
execute function functions.compareValues(vars._LEVEL_2_inside, loopItem(1))
function &apos;functions.compareValues(vars._LEVEL_2_inside, loopItem(1))&apos; executed, status is Passed 
execute function functions.compareValues(vars._LEVEL_3_inside, LOOPITEM)
function &apos;functions.compareValues(vars._LEVEL_3_inside, LOOPITEM)&apos; executed, status is Passed 
execute function functions.compareValues(vars._LEVEL_3_inside, loopItem(0))
function &apos;functions.compareValues(vars._LEVEL_3_inside, loopItem(0))&apos; executed, status is Passed 
execute function functions.addValues(vars._LEVEL_3_inside, vars._STEP)
function &apos;functions.addValues(vars._LEVEL_3_inside, vars._STEP)&apos; executed, status is Passed 
execute function functions.compareValues(vars._LEVEL_3_inside, vars._ARRAY_LENGTH)
function &apos;functions.compareValues(vars._LEVEL_3_inside, vars._ARRAY_LENGTH)&apos; executed, status is Passed 
execute function functions.returnVal(0)
function &apos;functions.returnVal(0)&apos; executed, status is Passed 
execute function functions.addValues(vars._LEVEL_2_inside, vars._STEP)
function &apos;functions.addValues(vars._LEVEL_2_inside, vars._STEP)&apos; executed, status is Passed 
execute function functions.compareValues(vars._LEVEL_0_inside, loopItem(2))
function &apos;functions.compareValues(vars._LEVEL_0_inside, loopItem(2))&apos; executed, status is Passed 
execute function functions.compareValues(vars._LEVEL_1_inside, loopItem(1))
function &apos;functions.compareValues(vars._LEVEL_1_inside, loopItem(1))&apos; executed, status is Passed 
execute function functions.compareValues(vars._LEVEL_2_inside, LOOPITEM)
function &apos;functions.compareValues(vars._LEVEL_2_inside, LOOPITEM)&apos; executed, status is Passed 
execute function functions.compareValues(vars._LEVEL_2_inside, loopItem(0))
function &apos;functions.compareValues(vars._LEVEL_2_inside, loopItem(0))&apos; executed, status is Passed 
execute function functions.compareValues(vars._LEVEL_0_inside, loopItem(3))
function &apos;functions.compareValues(vars._LEVEL_0_inside, loopItem(3))&apos; executed, status is Passed 
execute function functions.compareValues(vars._LEVEL_1_inside, loopItem(2))
function &apos;functions.compareValues(vars._LEVEL_1_inside, loopItem(2))&apos; executed, status is Passed 
execute function functions.compareValues(vars._LEVEL_2_inside, loopItem(1))
function &apos;functions.compareValues(vars._LEVEL_2_inside, loopItem(1))&apos; executed, status is Passed 
execute function functions.compareValues(vars._LEVEL_3_inside, LOOPITEM)
function &apos;functions.compareValues(vars._LEVEL_3_inside, LOOPITEM)&apos; executed, status is Passed 
execute function functions.compareValues(vars._LEVEL_3_inside, loopItem(0))
function &apos;functions.compareValues(vars._LEVEL_3_inside, loopItem(0))&apos; executed, status is Passed 
execute function functions.addValues(vars._LEVEL_3_inside, vars._STEP)
function &apos;functions.addValues(vars._LEVEL_3_inside, vars._STEP)&apos; executed, status is Passed 
execute function functions.compareValues(vars._LEVEL_0_inside, loopItem(3))
function &apos;functions.compareValues(vars._LEVEL_0_inside, loopItem(3))&apos; executed, status is Passed 
execute function functions.compareValues(vars._LEVEL_1_inside, loopItem(2))
function &apos;functions.compareValues(vars._LEVEL_1_inside, loopItem(2))&apos; executed, status is Passed 
execute function functions.compareValues(vars._LEVEL_2_inside, loopItem(1))
function &apos;functions.compareValues(vars._LEVEL_2_inside, loopItem(1))&apos; executed, status is Passed 
execute function functions.compareValues(vars._LEVEL_3_inside, LOOPITEM)
function &apos;functions.compareValues(vars._LEVEL_3_inside, LOOPITEM)&apos; executed, status is Passed 
execute function functions.compareValues(vars._LEVEL_3_inside, loopItem(0))
function &apos;functions.compareValues(vars._LEVEL_3_inside, loopItem(0))&apos; executed, status is Passed 
execute function functions.addValues(vars._LEVEL_3_inside, vars._STEP)
function &apos;functions.addValues(vars._LEVEL_3_inside, vars._STEP)&apos; executed, status is Passed 
execute function functions.compareValues(vars._LEVEL_0_inside, loopItem(3))
function &apos;functions.compareValues(vars._LEVEL_0_inside, loopItem(3))&apos; executed, status is Passed 
execute function functions.compareValues(vars._LEVEL_1_inside, loopItem(2))
function &apos;functions.compareValues(vars._LEVEL_1_inside, loopItem(2))&apos; executed, status is Passed 
execute function functions.compareValues(vars._LEVEL_2_inside, loopItem(1))
function &apos;functions.compareValues(vars._LEVEL_2_inside, loopItem(1))&apos; executed, status is Passed 
execute function functions.compareValues(vars._LEVEL_3_inside, LOOPITEM)
function &apos;functions.compareValues(vars._LEVEL_3_inside, LOOPITEM)&apos; executed, status is Passed 
execute function functions.compareValues(vars._LEVEL_3_inside, loopItem(0))
function &apos;functions.compareValues(vars._LEVEL_3_inside, loopItem(0))&apos; executed, status is Passed 
execute function functions.addValues(vars._LEVEL_3_inside, vars._STEP)
function &apos;functions.addValues(vars._LEVEL_3_inside, vars._STEP)&apos; executed, status is Passed 
execute function functions.compareValues(vars._LEVEL_3_inside, vars._ARRAY_LENGTH)
function &apos;functions.compareValues(vars._LEVEL_3_inside, vars._ARRAY_LENGTH)&apos; executed, status is Passed 
execute function functions.returnVal(0)
function &apos;functions.returnVal(0)&apos; executed, status is Passed 
execute function functions.addValues(vars._LEVEL_2_inside, vars._STEP)
function &apos;functions.addValues(vars._LEVEL_2_inside, vars._STEP)&apos; executed, status is Passed 
execute function functions.compareValues(vars._LEVEL_0_inside, loopItem(2))
function &apos;functions.compareValues(vars._LEVEL_0_inside, loopItem(2))&apos; executed, status is Passed 
execute function functions.compareValues(vars._LEVEL_1_inside, loopItem(1))
function &apos;functions.compareValues(vars._LEVEL_1_inside, loopItem(1))&apos; executed, status is Passed 
execute function functions.compareValues(vars._LEVEL_2_inside, LOOPITEM)
function &apos;functions.compareValues(vars._LEVEL_2_inside, LOOPITEM)&apos; executed, status is Passed 
execute function functions.compareValues(vars._LEVEL_2_inside, loopItem(0))
function &apos;functions.compareValues(vars._LEVEL_2_inside, loopItem(0))&apos; executed, status is Passed 
execute function functions.compareValues(vars._LEVEL_0_inside, loopItem(3))
function &apos;functions.compareValues(vars._LEVEL_0_inside, loopItem(3))&apos; executed, status is Passed 
execute function functions.compareValues(vars._LEVEL_1_inside, loopItem(2))
function &apos;functions.compareValues(vars._LEVEL_1_inside, loopItem(2))&apos; executed, status is Passed 
execute function functions.compareValues(vars._LEVEL_2_inside, loopItem(1))
function &apos;functions.compareValues(vars._LEVEL_2_inside, loopItem(1))&apos; executed, status is Passed 
execute function functions.compareValues(vars._LEVEL_3_inside, LOOPITEM)
function &apos;functions.compareValues(vars._LEVEL_3_inside, LOOPITEM)&apos; executed, status is Passed 
execute function functions.compareValues(vars._LEVEL_3_inside, loopItem(0))
function &apos;functions.compareValues(vars._LEVEL_3_inside, loopItem(0))&apos; executed, status is Passed 
execute function functions.addValues(vars._LEVEL_3_inside, vars._STEP)
function &apos;functions.addValues(vars._LEVEL_3_inside, vars._STEP)&apos; executed, status is Passed 
[...]
function &apos;functions.returnVal(0)&apos; executed, status is Passed 
execute function functions.compareValues(vars._LEVEL_2_inside, 2)
function &apos;functions.compareValues(vars._LEVEL_2_inside, 2)&apos; executed, status is Passed 
execute function functions.returnVal(0)
function &apos;functions.returnVal(0)&apos; executed, status is Passed 
execute function functions.addValues(vars._LEVEL_1_summarized, vars._STEP)
function &apos;functions.addValues(vars._LEVEL_1_summarized, vars._STEP)&apos; executed, status is Passed 
execute function functions.addValues(vars._LEVEL_1_inside, vars._STEP)
function &apos;functions.addValues(vars._LEVEL_1_inside, vars._STEP)&apos; executed, status is Passed 
execute function functions.addValues(vars._LEVEL_2_summarized, vars._STEP)
function &apos;functions.addValues(vars._LEVEL_2_summarized, vars._STEP)&apos; executed, status is Passed 
execute function functions.addValues(vars._LEVEL_2_inside, vars._STEP)
function &apos;functions.addValues(vars._LEVEL_2_inside, vars._STEP)&apos; executed, status is Passed 
execute function functions.addValues(vars._LEVEL_3_summarized, vars._STEP)
function &apos;functions.addValues(vars._LEVEL_3_summarized, vars._STEP)&apos; executed, status is Passed 
execute function functions.addValues(vars._LEVEL_3_inside, vars._STEP)
function &apos;functions.addValues(vars._LEVEL_3_inside, vars._STEP)&apos; executed, status is Passed 
execute function functions.addValues(vars._LEVEL_3_summarized, vars._STEP)
function &apos;functions.addValues(vars._LEVEL_3_summarized, vars._STEP)&apos; executed, status is Passed 
execute function functions.addValues(vars._LEVEL_3_inside, vars._STEP)
function &apos;functions.addValues(vars._LEVEL_3_inside, vars._STEP)&apos; executed, status is Passed 
execute function functions.compareValues(vars._LEVEL_3_inside, 2)
function &apos;functions.compareValues(vars._LEVEL_3_inside, 2)&apos; executed, status is Passed 
execute function functions.returnVal(0)
function &apos;functions.returnVal(0)&apos; executed, status is Passed 
execute function functions.addValues(vars._LEVEL_2_summarized, vars._STEP)
function &apos;functions.addValues(vars._LEVEL_2_summarized, vars._STEP)&apos; executed, status is Passed 
execute function functions.addValues(vars._LEVEL_2_inside, vars._STEP)
function &apos;functions.addValues(vars._LEVEL_2_inside, vars._STEP)&apos; executed, status is Passed 
execute function functions.addValues(vars._LEVEL_3_summarized, vars._STEP)
function &apos;functions.addValues(vars._LEVEL_3_summarized, vars._STEP)&apos; executed, status is Passed 
execute function functions.addValues(vars._LEVEL_3_inside, vars._STEP)
function &apos;functions.addValues(vars._LEVEL_3_inside, vars._STEP)&apos; executed, status is Passed 
execute function functions.addValues(vars._LEVEL_3_summarized, vars._STEP)
function &apos;functions.addValues(vars._LEVEL_3_summarized, vars._STEP)&apos; executed, status is Passed 
execute function functions.addValues(vars._LEVEL_3_inside, vars._STEP)
function &apos;functions.addValues(vars._LEVEL_3_inside, vars._STEP)&apos; executed, status is Passed 
execute function functions.compareValues(vars._LEVEL_3_inside, 2)
function &apos;functions.compareValues(vars._LEVEL_3_inside, 2)&apos; executed, status is Passed 
execute function functions.returnVal(0)
function &apos;functions.returnVal(0)&apos; executed, status is Passed 
execute function functions.compareValues(vars._LEVEL_2_inside, 2)
function &apos;functions.compareValues(vars._LEVEL_2_inside, 2)&apos; executed, status is Passed 
execute function functions.returnVal(0)
function &apos;functions.returnVal(0)&apos; executed, status is Passed 
execute function functions.compareValues(vars._LEVEL_1_inside, 2)
function &apos;functions.compareValues(vars._LEVEL_1_inside, 2)&apos; executed, status is Passed 
execute function functions.returnVal(0)
function &apos;functions.returnVal(0)&apos; executed, status is Passed 
execute function functions.addValues(vars._LEVEL_0_summarized, vars._STEP)
function &apos;functions.addValues(vars._LEVEL_0_summarized, vars._STEP)&apos; executed, status is Passed 
execute function functions.addValues(vars._LEVEL_1_summarized, vars._STEP)
function &apos;functions.addValues(vars._LEVEL_1_summarized, vars._STEP)&apos; executed, status is Passed 
execute function functions.addValues(vars._LEVEL_1_inside, vars._STEP)
function &apos;functions.addValues(vars._LEVEL_1_inside, vars._STEP)&apos; executed, status is Passed 
execute function functions.addValues(vars._LEVEL_2_summarized, vars._STEP)
function &apos;functions.addValues(vars._LEVEL_2_summarized, vars._STEP)&apos; executed, status is Passed 
execute function functions.addValues(vars._LEVEL_2_inside, vars._STEP)
function &apos;functions.addValues(vars._LEVEL_2_inside, vars._STEP)&apos; executed, status is Passed 
execute function functions.addValues(vars._LEVEL_3_summarized, vars._STEP)
function &apos;functions.addValues(vars._LEVEL_3_summarized, vars._STEP)&apos; executed, status is Passed 
execute function functions.addValues(vars._LEVEL_3_inside, vars._STEP)
function &apos;functions.addValues(vars._LEVEL_3_inside, vars._STEP)&apos; executed, status is Passed 
execute function functions.addValues(vars._LEVEL_3_summarized, vars._STEP)
function &apos;functions.addValues(vars._LEVEL_3_summarized, vars._STEP)&apos; executed, status is Passed 
execute function functions.addValues(vars._LEVEL_3_inside, vars._STEP)
function &apos;functions.addValues(vars._LEVEL_3_inside, vars._STEP)&apos; executed, status is Passed 
execute function functions.compareValues(vars._LEVEL_3_inside, 2)
function &apos;functions.compareValues(vars._LEVEL_3_inside, 2)&apos; executed, status is Passed 
execute function functions.returnVal(0)
function &apos;functions.returnVal(0)&apos; executed, status is Passed 
execute function functions.addValues(vars._LEVEL_2_summarized, vars._STEP)
function &apos;functions.addValues(vars._LEVEL_2_summarized, vars._STEP)&apos; executed, status is Passed 
execute function functions.addValues(vars._LEVEL_2_inside, vars._STEP)
function &apos;functions.addValues(vars._LEVEL_2_inside, vars._STEP)&apos; executed, status is Passed 
execute function functions.addValues(vars._LEVEL_3_summarized, vars._STEP)
function &apos;functions.addValues(vars._LEVEL_3_summarized, vars._STEP)&apos; executed, status is Passed 
execute function functions.addValues(vars._LEVEL_3_inside, vars._STEP)
function &apos;functions.addValues(vars._LEVEL_3_inside, vars._STEP)&apos; executed, status is Passed 
execute function functions.addValues(vars._LEVEL_3_summarized, vars._STEP)
function &apos;functions.addValues(vars._LEVEL_3_summarized, vars._STEP)&apos; executed, status is Passed 
execute function functions.addValues(vars._LEVEL_3_inside, vars._STEP)
function &apos;functions.addValues(vars._LEVEL_3_inside, vars._STEP)&apos; executed, status is Passed 
execute function functions.compareValues(vars._LEVEL_3_inside, 2)
function &apos;functions.compareValues(vars._LEVEL_3_inside, 2)&apos; executed, status is Passed 
execute function functions.returnVal(0)
function &apos;functions.returnVal(0)&apos; executed, status is Passed 
execute function functions.compareValues(vars._LEVEL_2_inside, 2)
function &apos;functions.compareValues(vars._LEVEL_2_inside, 2)&apos; executed, status is Passed 
execute function functions.returnVal(0)
function &apos;functions.returnVal(0)&apos; executed, status is Passed 
execute function functions.addValues(vars._LEVEL_1_summarized, vars._STEP)
function &apos;functions.addValues(vars._LEVEL_1_summarized, vars._STEP)&apos; executed, status is Passed 
execute function functions.addValues(vars._LEVEL_1_inside, vars._STEP)
function &apos;functions.addValues(vars._LEVEL_1_inside, vars._STEP)&apos; executed, status is Passed 
execute function functions.addValues(vars._LEVEL_2_summarized, vars._STEP)
function &apos;functions.addValues(vars._LEVEL_2_summarized, vars._STEP)&apos; executed, status is Passed 
execute function functions.addValues(vars._LEVEL_2_inside, vars._STEP)
function &apos;functions.addValues(vars._LEVEL_2_inside, vars._STEP)&apos; executed, status is Passed 
execute function functions.addValues(vars._LEVEL_3_summarized, vars._STEP)
function &apos;functions.addValues(vars._LEVEL_3_summarized, vars._STEP)&apos; executed, status is Passed 
execute function functions.addValues(vars._LEVEL_3_inside, vars._STEP)
function &apos;functions.addValues(vars._LEVEL_3_inside, vars._STEP)&apos; executed, status is Passed 
execute function functions.addValues(vars._LEVEL_3_summarized, vars._STEP)
function &apos;functions.addValues(vars._LEVEL_3_summarized, vars._STEP)&apos; executed, status is Passed 
execute function functions.addValues(vars._LEVEL_3_inside, vars._STEP)
function &apos;functions.addValues(vars._LEVEL_3_inside, vars._STEP)&apos; executed, status is Passed 
execute function functions.compareValues(vars._LEVEL_3_inside, 2)
function &apos;functions.compareValues(vars._LEVEL_3_inside, 2)&apos; executed, status is Passed 
execute function functions.returnVal(0)
function &apos;functions.returnVal(0)&apos; executed, status is Passed 
execute function functions.addValues(vars._LEVEL_2_summarized, vars._STEP)
function &apos;functions.addValues(vars._LEVEL_2_summarized, vars._STEP)&apos; executed, status is Passed 
execute function functions.addValues(vars._LEVEL_2_inside, vars._STEP)
function &apos;functions.addValues(vars._LEVEL_2_inside, vars._STEP)&apos; executed, status is Passed 
execute function functions.addValues(vars._LEVEL_3_summarized, vars._STEP)
function &apos;functions.addValues(vars._LEVEL_3_summarized, vars._STEP)&apos; executed, status is Passed 
execute function functions.addValues(vars._LEVEL_3_inside, vars._STEP)
function &apos;functions.addValues(vars._LEVEL_3_inside, vars._STEP)&apos; executed, status is Passed 
execute function functions.addValues(vars._LEVEL_3_summarized, vars._STEP)
function &apos;functions.addValues(vars._LEVEL_3_summarized, vars._STEP)&apos; executed, status is Passed 
execute function functions.addValues(vars._LEVEL_3_inside, vars._STEP)
function &apos;functions.addValues(vars._LEVEL_3_inside, vars._STEP)&apos; executed, status is Passed 
execute function functions.compareValues(vars._LEVEL_3_inside, 2)
function &apos;functions.compareValues(vars._LEVEL_3_inside, 2)&apos; executed, status is Passed 
execute function functions.returnVal(0)
function &apos;functions.returnVal(0)&apos; executed, status is Passed 
execute function functions.compareValues(vars._LEVEL_2_inside, 2)
function &apos;functions.compareValues(vars._LEVEL_2_inside, 2)&apos; executed, status is Passed 
execute function functions.returnVal(0)
function &apos;functions.returnVal(0)&apos; executed, status is Passed 
execute function functions.compareValues(vars._LEVEL_1_inside, 2)
function &apos;functions.compareValues(vars._LEVEL_1_inside, 2)&apos; executed, status is Passed 
execute function functions.returnVal(0)
function &apos;functions.returnVal(0)&apos; executed, status is Passed 
Phase execution executed, status is Passed
Execute test case phase: postconditions
execute function tai.write(&quot;\n########################################\n### Check _LEVEL_X_summarized values ###\n########################################\n&quot;)

########################################
### Check _LEVEL_X_summarized values ###
########################################

function &apos;tai.write(&quot;\n########################################\n### Check _LEVEL_X_summarized values ###\n########################################\n&quot;)&apos; executed, status is Passed 
execute function functions.compareValues(vars._LEVEL_0_summarized, 2)
function &apos;functions.compareValues(vars._LEVEL_0_summarized, 2)&apos; executed, status is Passed 
execute function functions.compareValues(vars._LEVEL_1_summarized, 4)
function &apos;functions.compareValues(vars._LEVEL_1_summarized, 4)&apos; executed, status is Passed 
execute function functions.compareValues(vars._LEVEL_2_summarized, 8)
function &apos;functions.compareValues(vars._LEVEL_2_summarized, 8)&apos; executed, status is Passed 
execute function functions.compareValues(vars._LEVEL_3_summarized, 16)
function &apos;functions.compareValues(vars._LEVEL_3_summarized, 16)&apos; executed, status is Passed 
Phase postconditions executed, status is Passed
Test case SET-246 ended. Status: Passed 
##
## Test case SET-246 execution PASSED
##
</system-out></testcase><testcase classname="appTestCases.CoreTest" file="appTestCases.py" line="175" name="test_SET_247" time="4.02200007439"><system-out>
##
## Running test case: SET-247, with params: None
##
Execute test case SET-247
Execute test case phase: prerequisites
Phase prerequisites executed, status is Undefined
Execute test case phase: setup
Phase setup executed, status is Undefined
Execute test case phase: execution
execute function functions.addValues(vars._LEVEL_1_inside, vars._STEP)
function &apos;functions.addValues(vars._LEVEL_1_inside, vars._STEP)&apos; executed, status is Passed 
execute function functions.addValues(vars._LEVEL_2_inside, vars._STEP)
function &apos;functions.addValues(vars._LEVEL_2_inside, vars._STEP)&apos; executed, status is Passed 
execute function functions.addValues(vars._LEVEL_2_inside, vars._STEP)
function &apos;functions.addValues(vars._LEVEL_2_inside, vars._STEP)&apos; executed, status is Passed 
execute function functions.compareValues(vars._LEVEL_2_inside, 2)
function &apos;functions.compareValues(vars._LEVEL_2_inside, 2)&apos; executed, status is Passed 
execute function functions.returnVal(0)
function &apos;functions.returnVal(0)&apos; executed, status is Passed 
execute function functions.addValues(vars._LEVEL_1_inside, vars._STEP)
function &apos;functions.addValues(vars._LEVEL_1_inside, vars._STEP)&apos; executed, status is Passed 
execute function functions.addValues(vars._LEVEL_2_inside, vars._STEP)
function &apos;functions.addValues(vars._LEVEL_2_inside, vars._STEP)&apos; executed, status is Passed 
execute function functions.addValues(vars._LEVEL_2_inside, vars._STEP)
function &apos;functions.addValues(vars._LEVEL_2_inside, vars._STEP)&apos; executed, status is Passed 
execute function functions.compareValues(vars._LEVEL_2_inside, 2)
function &apos;functions.compareValues(vars._LEVEL_2_inside, 2)&apos; executed, status is Passed 
execute function functions.returnVal(0)
function &apos;functions.returnVal(0)&apos; executed, status is Passed 
execute function functions.compareValues(vars._LEVEL_1_inside, 2)
function &apos;functions.compareValues(vars._LEVEL_1_inside, 2)&apos; executed, status is Passed 
execute function functions.returnVal(0)
function &apos;functions.returnVal(0)&apos; executed, status is Passed 
execute function functions.addValues(vars._LEVEL_1_inside, vars._STEP)
function &apos;functions.addValues(vars._LEVEL_1_inside, vars._STEP)&apos; executed, status is Passed 
execute function functions.addValues(vars._LEVEL_2_inside, vars._STEP)
function &apos;functions.addValues(vars._LEVEL_2_inside, vars._STEP)&apos; executed, status is Passed 
execute function functions.addValues(vars._LEVEL_2_inside, vars._STEP)
function &apos;functions.addValues(vars._LEVEL_2_inside, vars._STEP)&apos; executed, status is Passed 
execute function functions.compareValues(vars._LEVEL_2_inside, 2)
function &apos;functions.compareValues(vars._LEVEL_2_inside, 2)&apos; executed, status is Passed 
execute function functions.returnVal(0)
function &apos;functions.returnVal(0)&apos; executed, status is Passed 
execute function functions.addValues(vars._LEVEL_1_inside, vars._STEP)
function &apos;functions.addValues(vars._LEVEL_1_inside, vars._STEP)&apos; executed, status is Passed 
execute function functions.addValues(vars._LEVEL_2_inside, vars._STEP)
function &apos;functions.addValues(vars._LEVEL_2_inside, vars._STEP)&apos; executed, status is Passed 
execute function functions.addValues(vars._LEVEL_2_inside, vars._STEP)
function &apos;functions.addValues(vars._LEVEL_2_inside, vars._STEP)&apos; executed, status is Passed 
execute function functions.compareValues(vars._LEVEL_2_inside, 2)
function &apos;functions.compareValues(vars._LEVEL_2_inside, 2)&apos; executed, status is Passed 
execute function functions.returnVal(0)
function &apos;functions.returnVal(0)&apos; executed, status is Passed 
execute function functions.compareValues(vars._LEVEL_1_inside, 2)
function &apos;functions.compareValues(vars._LEVEL_1_inside, 2)&apos; executed, status is Passed 
execute function functions.returnVal(0)
function &apos;functions.returnVal(0)&apos; executed, status is Passed 
execute function functions.addValues(vars._LEVEL_1_inside, vars._STEP)
function &apos;functions.addValues(vars._LEVEL_1_inside, vars._STEP)&apos; executed, status is Passed 
execute function functions.addValues(vars._LEVEL_2_inside, vars._STEP)
function &apos;functions.addValues(vars._LEVEL_2_inside, vars._STEP)&apos; executed, status is Passed 
execute function functions.addValues(vars._LEVEL_2_inside, vars._STEP)
function &apos;functions.addValues(vars._LEVEL_2_inside, vars._STEP)&apos; executed, status is Passed 
execute function functions.compareValues(vars._LEVEL_2_inside, 2)
function &apos;functions.compareValues(vars._LEVEL_2_inside, 2)&apos; executed, status is Passed 
execute function functions.returnVal(0)
function &apos;functions.returnVal(0)&apos; executed, status is Passed 
execute function functions.addValues(vars._LEVEL_1_inside, vars._STEP)
function &apos;functions.addValues(vars._LEVEL_1_inside, vars._STEP)&apos; executed, status is Passed 
execute function functions.addValues(vars._LEVEL_2_inside, vars._STEP)
function &apos;functions.addValues(vars._LEVEL_2_inside, vars._STEP)&apos; executed, status is Passed 
execute function functions.addValues(vars._LEVEL_2_inside, vars._STEP)
function &apos;functions.addValues(vars._LEVEL_2_inside, vars._STEP)&apos; executed, status is Passed 
execute function functions.compareValues(vars._LEVEL_2_inside, 2)
function &apos;functions.compareValues(vars._LEVEL_2_inside, 2)&apos; executed, status is Passed 
execute function functions.returnVal(0)
function &apos;functions.returnVal(0)&apos; executed, status is Passed 
execute function functions.compareValues(vars._LEVEL_1_inside, 2)
function &apos;functions.compareValues(vars._LEVEL_1_inside, 2)&apos; executed, status is Passed 
execute function functions.returnVal(0)
function &apos;functions.returnVal(0)&apos; executed, status is Passed 
execute function functions.addValues(vars._LEVEL_1_inside, vars._STEP)
function &apos;functions.addValues(vars._LEVEL_1_inside, vars._STEP)&apos; executed, status is Passed 
execute function functions.addValues(vars._LEVEL_2_inside, vars._STEP)
function &apos;functions.addValues(vars._LEVEL_2_inside, vars._STEP)&apos; executed, status is Passed 
execute function functions.addValues(vars._LEVEL_2_inside, vars._STEP)
function &apos;functions.addValues(vars._LEVEL_2_inside, vars._STEP)&apos; executed, status is Passed 
execute function functions.compareValues(vars._LEVEL_2_inside, 2)
function &apos;functions.compareValues(vars._LEVEL_2_inside, 2)&apos; executed, status is Passed 
execute function functions.returnVal(0)
function &apos;functions.returnVal(0)&apos; executed, status is Passed 
execute function functions.returnVal(vars._LEVEL_1_inside &lt;= 3)
function &apos;functions.returnVal(vars._LEVEL_1_inside &lt;= 3)&apos; executed, status is Passed 
execute function functions.compareValues(vars._LEVEL_1_inside, True)
function &apos;functions.compareValues(vars._LEVEL_1_inside, True)&apos; executed, status is Passed 
execute function functions.returnVal(0)
function &apos;functions.returnVal(0)&apos; executed, status is Passed 
Phase execution executed, status is Passed
Execute test case phase: postconditions
Phase postconditions executed, status is Undefined
Test case SET-247 ended. Status: Passed 
##
## Test case SET-247 execution PASSED
##
</system-out></testcase></testsuite>